CRITICAL - 2020-09-26 01:33:44 --> Unable to connect to the database.
#0 C:\xampp\htdocs\Aplikasi_CI4_Saya\vendor\codeigniter4\framework\system\Database\BaseConnection.php(646): CodeIgniter\Database\BaseConnection->initialize()
#1 C:\xampp\htdocs\Aplikasi_CI4_Saya\vendor\codeigniter4\framework\system\Database\BaseBuilder.php(1860): CodeIgniter\Database\BaseConnection->query('SELECT *\nFROM `...', Array, false)
#2 C:\xampp\htdocs\Aplikasi_CI4_Saya\vendor\codeigniter4\framework\system\Model.php(462): CodeIgniter\Database\BaseBuilder->get()
#3 C:\xampp\htdocs\Aplikasi_CI4_Saya\app\Controllers\Dataku.php(24): CodeIgniter\Model->findAll()
#4 C:\xampp\htdocs\Aplikasi_CI4_Saya\vendor\codeigniter4\framework\system\CodeIgniter.php(918): App\Controllers\Dataku->index()
#5 C:\xampp\htdocs\Aplikasi_CI4_Saya\vendor\codeigniter4\framework\system\CodeIgniter.php(404): CodeIgniter\CodeIgniter->runController(Object(App\Controllers\Dataku))
#6 C:\xampp\htdocs\Aplikasi_CI4_Saya\vendor\codeigniter4\framework\system\CodeIgniter.php(312): CodeIgniter\CodeIgniter->handleRequest(NULL, Object(Config\Cache), false)
#7 C:\xampp\htdocs\Aplikasi_CI4_Saya\public\index.php(45): CodeIgniter\CodeIgniter->run()
#8 C:\xampp\htdocs\Aplikasi_CI4_Saya\vendor\codeigniter4\framework\system\Commands\Server\rewrite.php(34): require_once('C:\\xampp\\htdocs...')
#9 {main}
CRITICAL - 2020-09-26 01:33:54 --> Unable to connect to the database.
#0 C:\xampp\htdocs\Aplikasi_CI4_Saya\vendor\codeigniter4\framework\system\Database\BaseConnection.php(646): CodeIgniter\Database\BaseConnection->initialize()
#1 C:\xampp\htdocs\Aplikasi_CI4_Saya\vendor\codeigniter4\framework\system\Database\BaseBuilder.php(1860): CodeIgniter\Database\BaseConnection->query('SELECT *\nFROM `...', Array, false)
#2 C:\xampp\htdocs\Aplikasi_CI4_Saya\vendor\codeigniter4\framework\system\Model.php(462): CodeIgniter\Database\BaseBuilder->get()
#3 C:\xampp\htdocs\Aplikasi_CI4_Saya\app\Controllers\Dataku.php(24): CodeIgniter\Model->findAll()
#4 C:\xampp\htdocs\Aplikasi_CI4_Saya\vendor\codeigniter4\framework\system\CodeIgniter.php(918): App\Controllers\Dataku->index()
#5 C:\xampp\htdocs\Aplikasi_CI4_Saya\vendor\codeigniter4\framework\system\CodeIgniter.php(404): CodeIgniter\CodeIgniter->runController(Object(App\Controllers\Dataku))
#6 C:\xampp\htdocs\Aplikasi_CI4_Saya\vendor\codeigniter4\framework\system\CodeIgniter.php(312): CodeIgniter\CodeIgniter->handleRequest(NULL, Object(Config\Cache), false)
#7 C:\xampp\htdocs\Aplikasi_CI4_Saya\public\index.php(45): CodeIgniter\CodeIgniter->run()
#8 C:\xampp\htdocs\Aplikasi_CI4_Saya\vendor\codeigniter4\framework\system\Commands\Server\rewrite.php(34): require_once('C:\\xampp\\htdocs...')
#9 {main}
CRITICAL - 2020-09-26 01:35:09 --> Undefined index: id
#0 C:\xampp\htdocs\Aplikasi_CI4_Saya\app\Views\data\index.php(60): CodeIgniter\Debug\Exceptions->errorHandler(8, 'Undefined index...', 'C:\\xampp\\htdocs...', 60, Array)
#1 C:\xampp\htdocs\Aplikasi_CI4_Saya\vendor\codeigniter4\framework\system\View\View.php(246): include('C:\\xampp\\htdocs...')
#2 C:\xampp\htdocs\Aplikasi_CI4_Saya\vendor\codeigniter4\framework\system\Common.php(1119): CodeIgniter\View\View->render('data/index', Array, true)
#3 C:\xampp\htdocs\Aplikasi_CI4_Saya\app\Controllers\Dataku.php(28): view('data/index', Array)
#4 C:\xampp\htdocs\Aplikasi_CI4_Saya\vendor\codeigniter4\framework\system\CodeIgniter.php(918): App\Controllers\Dataku->index()
#5 C:\xampp\htdocs\Aplikasi_CI4_Saya\vendor\codeigniter4\framework\system\CodeIgniter.php(404): CodeIgniter\CodeIgniter->runController(Object(App\Controllers\Dataku))
#6 C:\xampp\htdocs\Aplikasi_CI4_Saya\vendor\codeigniter4\framework\system\CodeIgniter.php(312): CodeIgniter\CodeIgniter->handleRequest(NULL, Object(Config\Cache), false)
#7 C:\xampp\htdocs\Aplikasi_CI4_Saya\public\index.php(45): CodeIgniter\CodeIgniter->run()
#8 C:\xampp\htdocs\Aplikasi_CI4_Saya\vendor\codeigniter4\framework\system\Commands\Server\rewrite.php(34): require_once('C:\\xampp\\htdocs...')
#9 {main}
CRITICAL - 2020-09-26 01:46:59 --> Unknown column 'id' in 'where clause'
#0 C:\xampp\htdocs\Aplikasi_CI4_Saya\vendor\codeigniter4\framework\system\Database\MySQLi\Connection.php(331): mysqli->query('DELETE FROM `ma...')
#1 C:\xampp\htdocs\Aplikasi_CI4_Saya\vendor\codeigniter4\framework\system\Database\BaseConnection.php(741): CodeIgniter\Database\MySQLi\Connection->execute('DELETE FROM `ma...')
#2 C:\xampp\htdocs\Aplikasi_CI4_Saya\vendor\codeigniter4\framework\system\Database\BaseConnection.php(669): CodeIgniter\Database\BaseConnection->simpleQuery('DELETE FROM `ma...')
#3 C:\xampp\htdocs\Aplikasi_CI4_Saya\vendor\codeigniter4\framework\system\Database\BaseBuilder.php(2853): CodeIgniter\Database\BaseConnection->query('DELETE FROM `ma...', Array, false)
#4 C:\xampp\htdocs\Aplikasi_CI4_Saya\vendor\codeigniter4\framework\system\Model.php(977): CodeIgniter\Database\BaseBuilder->delete()
#5 C:\xampp\htdocs\Aplikasi_CI4_Saya\app\Controllers\Dataku.php(165): CodeIgniter\Model->delete(Array)
#6 C:\xampp\htdocs\Aplikasi_CI4_Saya\vendor\codeigniter4\framework\system\CodeIgniter.php(918): App\Controllers\Dataku->hapus('31')
#7 C:\xampp\htdocs\Aplikasi_CI4_Saya\vendor\codeigniter4\framework\system\CodeIgniter.php(404): CodeIgniter\CodeIgniter->runController(Object(App\Controllers\Dataku))
#8 C:\xampp\htdocs\Aplikasi_CI4_Saya\vendor\codeigniter4\framework\system\CodeIgniter.php(312): CodeIgniter\CodeIgniter->handleRequest(NULL, Object(Config\Cache), false)
#9 C:\xampp\htdocs\Aplikasi_CI4_Saya\public\index.php(45): CodeIgniter\CodeIgniter->run()
#10 C:\xampp\htdocs\Aplikasi_CI4_Saya\vendor\codeigniter4\framework\system\Commands\Server\rewrite.php(34): require_once('C:\\xampp\\htdocs...')
#11 {main}
CRITICAL - 2020-09-26 01:47:07 --> Unknown column 'id' in 'where clause'
#0 C:\xampp\htdocs\Aplikasi_CI4_Saya\vendor\codeigniter4\framework\system\Database\MySQLi\Connection.php(331): mysqli->query('DELETE FROM `ma...')
#1 C:\xampp\htdocs\Aplikasi_CI4_Saya\vendor\codeigniter4\framework\system\Database\BaseConnection.php(741): CodeIgniter\Database\MySQLi\Connection->execute('DELETE FROM `ma...')
#2 C:\xampp\htdocs\Aplikasi_CI4_Saya\vendor\codeigniter4\framework\system\Database\BaseConnection.php(669): CodeIgniter\Database\BaseConnection->simpleQuery('DELETE FROM `ma...')
#3 C:\xampp\htdocs\Aplikasi_CI4_Saya\vendor\codeigniter4\framework\system\Database\BaseBuilder.php(2853): CodeIgniter\Database\BaseConnection->query('DELETE FROM `ma...', Array, false)
#4 C:\xampp\htdocs\Aplikasi_CI4_Saya\vendor\codeigniter4\framework\system\Model.php(977): CodeIgniter\Database\BaseBuilder->delete()
#5 C:\xampp\htdocs\Aplikasi_CI4_Saya\app\Controllers\Dataku.php(165): CodeIgniter\Model->delete(Array)
#6 C:\xampp\htdocs\Aplikasi_CI4_Saya\vendor\codeigniter4\framework\system\CodeIgniter.php(918): App\Controllers\Dataku->hapus('28')
#7 C:\xampp\htdocs\Aplikasi_CI4_Saya\vendor\codeigniter4\framework\system\CodeIgniter.php(404): CodeIgniter\CodeIgniter->runController(Object(App\Controllers\Dataku))
#8 C:\xampp\htdocs\Aplikasi_CI4_Saya\vendor\codeigniter4\framework\system\CodeIgniter.php(312): CodeIgniter\CodeIgniter->handleRequest(NULL, Object(Config\Cache), false)
#9 C:\xampp\htdocs\Aplikasi_CI4_Saya\public\index.php(45): CodeIgniter\CodeIgniter->run()
#10 C:\xampp\htdocs\Aplikasi_CI4_Saya\vendor\codeigniter4\framework\system\Commands\Server\rewrite.php(34): require_once('C:\\xampp\\htdocs...')
#11 {main}
CRITICAL - 2020-09-26 01:47:17 --> Unknown column 'id' in 'where clause'
#0 C:\xampp\htdocs\Aplikasi_CI4_Saya\vendor\codeigniter4\framework\system\Database\MySQLi\Connection.php(331): mysqli->query('DELETE FROM `ma...')
#1 C:\xampp\htdocs\Aplikasi_CI4_Saya\vendor\codeigniter4\framework\system\Database\BaseConnection.php(741): CodeIgniter\Database\MySQLi\Connection->execute('DELETE FROM `ma...')
#2 C:\xampp\htdocs\Aplikasi_CI4_Saya\vendor\codeigniter4\framework\system\Database\BaseConnection.php(669): CodeIgniter\Database\BaseConnection->simpleQuery('DELETE FROM `ma...')
#3 C:\xampp\htdocs\Aplikasi_CI4_Saya\vendor\codeigniter4\framework\system\Database\BaseBuilder.php(2853): CodeIgniter\Database\BaseConnection->query('DELETE FROM `ma...', Array, false)
#4 C:\xampp\htdocs\Aplikasi_CI4_Saya\vendor\codeigniter4\framework\system\Model.php(977): CodeIgniter\Database\BaseBuilder->delete()
#5 C:\xampp\htdocs\Aplikasi_CI4_Saya\app\Controllers\Dataku.php(165): CodeIgniter\Model->delete(Array)
#6 C:\xampp\htdocs\Aplikasi_CI4_Saya\vendor\codeigniter4\framework\system\CodeIgniter.php(918): App\Controllers\Dataku->hapus('28')
#7 C:\xampp\htdocs\Aplikasi_CI4_Saya\vendor\codeigniter4\framework\system\CodeIgniter.php(404): CodeIgniter\CodeIgniter->runController(Object(App\Controllers\Dataku))
#8 C:\xampp\htdocs\Aplikasi_CI4_Saya\vendor\codeigniter4\framework\system\CodeIgniter.php(312): CodeIgniter\CodeIgniter->handleRequest(NULL, Object(Config\Cache), false)
#9 C:\xampp\htdocs\Aplikasi_CI4_Saya\public\index.php(45): CodeIgniter\CodeIgniter->run()
#10 C:\xampp\htdocs\Aplikasi_CI4_Saya\vendor\codeigniter4\framework\system\Commands\Server\rewrite.php(34): require_once('C:\\xampp\\htdocs...')
#11 {main}
CRITICAL - 2020-09-26 01:58:47 --> Unknown column 'id' in 'where clause'
#0 C:\xampp\htdocs\Aplikasi_CI4_Saya\vendor\codeigniter4\framework\system\Database\MySQLi\Connection.php(331): mysqli->query('DELETE FROM `ma...')
#1 C:\xampp\htdocs\Aplikasi_CI4_Saya\vendor\codeigniter4\framework\system\Database\BaseConnection.php(741): CodeIgniter\Database\MySQLi\Connection->execute('DELETE FROM `ma...')
#2 C:\xampp\htdocs\Aplikasi_CI4_Saya\vendor\codeigniter4\framework\system\Database\BaseConnection.php(669): CodeIgniter\Database\BaseConnection->simpleQuery('DELETE FROM `ma...')
#3 C:\xampp\htdocs\Aplikasi_CI4_Saya\vendor\codeigniter4\framework\system\Database\BaseBuilder.php(2853): CodeIgniter\Database\BaseConnection->query('DELETE FROM `ma...', Array, false)
#4 C:\xampp\htdocs\Aplikasi_CI4_Saya\vendor\codeigniter4\framework\system\Model.php(977): CodeIgniter\Database\BaseBuilder->delete()
#5 C:\xampp\htdocs\Aplikasi_CI4_Saya\app\Controllers\Dataku.php(165): CodeIgniter\Model->delete(Array)
#6 C:\xampp\htdocs\Aplikasi_CI4_Saya\vendor\codeigniter4\framework\system\CodeIgniter.php(918): App\Controllers\Dataku->hapus('2')
#7 C:\xampp\htdocs\Aplikasi_CI4_Saya\vendor\codeigniter4\framework\system\CodeIgniter.php(404): CodeIgniter\CodeIgniter->runController(Object(App\Controllers\Dataku))
#8 C:\xampp\htdocs\Aplikasi_CI4_Saya\vendor\codeigniter4\framework\system\CodeIgniter.php(312): CodeIgniter\CodeIgniter->handleRequest(NULL, Object(Config\Cache), false)
#9 C:\xampp\htdocs\Aplikasi_CI4_Saya\public\index.php(45): CodeIgniter\CodeIgniter->run()
#10 C:\xampp\htdocs\Aplikasi_CI4_Saya\vendor\codeigniter4\framework\system\Commands\Server\rewrite.php(34): require_once('C:\\xampp\\htdocs...')
#11 {main}
CRITICAL - 2020-09-26 02:06:43 --> Unknown column 'id' in 'where clause'
#0 C:\xampp\htdocs\Aplikasi_CI4_Saya\vendor\codeigniter4\framework\system\Database\MySQLi\Connection.php(331): mysqli->query('DELETE FROM `ma...')
#1 C:\xampp\htdocs\Aplikasi_CI4_Saya\vendor\codeigniter4\framework\system\Database\BaseConnection.php(741): CodeIgniter\Database\MySQLi\Connection->execute('DELETE FROM `ma...')
#2 C:\xampp\htdocs\Aplikasi_CI4_Saya\vendor\codeigniter4\framework\system\Database\BaseConnection.php(669): CodeIgniter\Database\BaseConnection->simpleQuery('DELETE FROM `ma...')
#3 C:\xampp\htdocs\Aplikasi_CI4_Saya\vendor\codeigniter4\framework\system\Database\BaseBuilder.php(2853): CodeIgniter\Database\BaseConnection->query('DELETE FROM `ma...', Array, false)
#4 C:\xampp\htdocs\Aplikasi_CI4_Saya\vendor\codeigniter4\framework\system\Model.php(977): CodeIgniter\Database\BaseBuilder->delete()
#5 C:\xampp\htdocs\Aplikasi_CI4_Saya\app\Controllers\Dataku.php(165): CodeIgniter\Model->delete(Array)
#6 C:\xampp\htdocs\Aplikasi_CI4_Saya\vendor\codeigniter4\framework\system\CodeIgniter.php(918): App\Controllers\Dataku->hapus('31')
#7 C:\xampp\htdocs\Aplikasi_CI4_Saya\vendor\codeigniter4\framework\system\CodeIgniter.php(404): CodeIgniter\CodeIgniter->runController(Object(App\Controllers\Dataku))
#8 C:\xampp\htdocs\Aplikasi_CI4_Saya\vendor\codeigniter4\framework\system\CodeIgniter.php(312): CodeIgniter\CodeIgniter->handleRequest(NULL, Object(Config\Cache), false)
#9 C:\xampp\htdocs\Aplikasi_CI4_Saya\public\index.php(45): CodeIgniter\CodeIgniter->run()
#10 C:\xampp\htdocs\Aplikasi_CI4_Saya\vendor\codeigniter4\framework\system\Commands\Server\rewrite.php(34): require_once('C:\\xampp\\htdocs...')
#11 {main}
CRITICAL - 2020-09-26 02:07:47 --> Unknown column 'id' in 'where clause'
#0 C:\xampp\htdocs\Aplikasi_CI4_Saya\vendor\codeigniter4\framework\system\Database\MySQLi\Connection.php(331): mysqli->query('DELETE FROM `ma...')
#1 C:\xampp\htdocs\Aplikasi_CI4_Saya\vendor\codeigniter4\framework\system\Database\BaseConnection.php(741): CodeIgniter\Database\MySQLi\Connection->execute('DELETE FROM `ma...')
#2 C:\xampp\htdocs\Aplikasi_CI4_Saya\vendor\codeigniter4\framework\system\Database\BaseConnection.php(669): CodeIgniter\Database\BaseConnection->simpleQuery('DELETE FROM `ma...')
#3 C:\xampp\htdocs\Aplikasi_CI4_Saya\vendor\codeigniter4\framework\system\Database\BaseBuilder.php(2853): CodeIgniter\Database\BaseConnection->query('DELETE FROM `ma...', Array, false)
#4 C:\xampp\htdocs\Aplikasi_CI4_Saya\vendor\codeigniter4\framework\system\Model.php(977): CodeIgniter\Database\BaseBuilder->delete()
#5 C:\xampp\htdocs\Aplikasi_CI4_Saya\app\Controllers\Dataku.php(165): CodeIgniter\Model->delete(Array)
#6 C:\xampp\htdocs\Aplikasi_CI4_Saya\vendor\codeigniter4\framework\system\CodeIgniter.php(918): App\Controllers\Dataku->hapus('33')
#7 C:\xampp\htdocs\Aplikasi_CI4_Saya\vendor\codeigniter4\framework\system\CodeIgniter.php(404): CodeIgniter\CodeIgniter->runController(Object(App\Controllers\Dataku))
#8 C:\xampp\htdocs\Aplikasi_CI4_Saya\vendor\codeigniter4\framework\system\CodeIgniter.php(312): CodeIgniter\CodeIgniter->handleRequest(NULL, Object(Config\Cache), false)
#9 C:\xampp\htdocs\Aplikasi_CI4_Saya\public\index.php(45): CodeIgniter\CodeIgniter->run()
#10 C:\xampp\htdocs\Aplikasi_CI4_Saya\vendor\codeigniter4\framework\system\Commands\Server\rewrite.php(34): require_once('C:\\xampp\\htdocs...')
#11 {main}
CRITICAL - 2020-09-26 02:11:45 --> Unknown column 'id' in 'where clause'
#0 C:\xampp\htdocs\Aplikasi_CI4_Saya\vendor\codeigniter4\framework\system\Database\MySQLi\Connection.php(331): mysqli->query('DELETE FROM `ma...')
#1 C:\xampp\htdocs\Aplikasi_CI4_Saya\vendor\codeigniter4\framework\system\Database\BaseConnection.php(741): CodeIgniter\Database\MySQLi\Connection->execute('DELETE FROM `ma...')
#2 C:\xampp\htdocs\Aplikasi_CI4_Saya\vendor\codeigniter4\framework\system\Database\BaseConnection.php(669): CodeIgniter\Database\BaseConnection->simpleQuery('DELETE FROM `ma...')
#3 C:\xampp\htdocs\Aplikasi_CI4_Saya\vendor\codeigniter4\framework\system\Database\BaseBuilder.php(2853): CodeIgniter\Database\BaseConnection->query('DELETE FROM `ma...', Array, false)
#4 C:\xampp\htdocs\Aplikasi_CI4_Saya\vendor\codeigniter4\framework\system\Model.php(977): CodeIgniter\Database\BaseBuilder->delete()
#5 C:\xampp\htdocs\Aplikasi_CI4_Saya\app\Controllers\Dataku.php(165): CodeIgniter\Model->delete(Array)
#6 C:\xampp\htdocs\Aplikasi_CI4_Saya\vendor\codeigniter4\framework\system\CodeIgniter.php(918): App\Controllers\Dataku->hapus('33')
#7 C:\xampp\htdocs\Aplikasi_CI4_Saya\vendor\codeigniter4\framework\system\CodeIgniter.php(404): CodeIgniter\CodeIgniter->runController(Object(App\Controllers\Dataku))
#8 C:\xampp\htdocs\Aplikasi_CI4_Saya\vendor\codeigniter4\framework\system\CodeIgniter.php(312): CodeIgniter\CodeIgniter->handleRequest(NULL, Object(Config\Cache), false)
#9 C:\xampp\htdocs\Aplikasi_CI4_Saya\public\index.php(45): CodeIgniter\CodeIgniter->run()
#10 C:\xampp\htdocs\Aplikasi_CI4_Saya\vendor\codeigniter4\framework\system\Commands\Server\rewrite.php(34): require_once('C:\\xampp\\htdocs...')
#11 {main}
CRITICAL - 2020-09-26 02:12:02 --> Unknown column 'id' in 'where clause'
#0 C:\xampp\htdocs\Aplikasi_CI4_Saya\vendor\codeigniter4\framework\system\Database\MySQLi\Connection.php(331): mysqli->query('DELETE FROM `ma...')
#1 C:\xampp\htdocs\Aplikasi_CI4_Saya\vendor\codeigniter4\framework\system\Database\BaseConnection.php(741): CodeIgniter\Database\MySQLi\Connection->execute('DELETE FROM `ma...')
#2 C:\xampp\htdocs\Aplikasi_CI4_Saya\vendor\codeigniter4\framework\system\Database\BaseConnection.php(669): CodeIgniter\Database\BaseConnection->simpleQuery('DELETE FROM `ma...')
#3 C:\xampp\htdocs\Aplikasi_CI4_Saya\vendor\codeigniter4\framework\system\Database\BaseBuilder.php(2853): CodeIgniter\Database\BaseConnection->query('DELETE FROM `ma...', Array, false)
#4 C:\xampp\htdocs\Aplikasi_CI4_Saya\vendor\codeigniter4\framework\system\Model.php(977): CodeIgniter\Database\BaseBuilder->delete()
#5 C:\xampp\htdocs\Aplikasi_CI4_Saya\app\Controllers\Dataku.php(165): CodeIgniter\Model->delete(Array)
#6 C:\xampp\htdocs\Aplikasi_CI4_Saya\vendor\codeigniter4\framework\system\CodeIgniter.php(918): App\Controllers\Dataku->hapus('33')
#7 C:\xampp\htdocs\Aplikasi_CI4_Saya\vendor\codeigniter4\framework\system\CodeIgniter.php(404): CodeIgniter\CodeIgniter->runController(Object(App\Controllers\Dataku))
#8 C:\xampp\htdocs\Aplikasi_CI4_Saya\vendor\codeigniter4\framework\system\CodeIgniter.php(312): CodeIgniter\CodeIgniter->handleRequest(NULL, Object(Config\Cache), false)
#9 C:\xampp\htdocs\Aplikasi_CI4_Saya\public\index.php(45): CodeIgniter\CodeIgniter->run()
#10 C:\xampp\htdocs\Aplikasi_CI4_Saya\vendor\codeigniter4\framework\system\Commands\Server\rewrite.php(34): require_once('C:\\xampp\\htdocs...')
#11 {main}
CRITICAL - 2020-09-26 02:15:24 --> Unknown column 'id' in 'where clause'
#0 C:\xampp\htdocs\Aplikasi_CI4_Saya\vendor\codeigniter4\framework\system\Database\MySQLi\Connection.php(331): mysqli->query('DELETE FROM `ma...')
#1 C:\xampp\htdocs\Aplikasi_CI4_Saya\vendor\codeigniter4\framework\system\Database\BaseConnection.php(741): CodeIgniter\Database\MySQLi\Connection->execute('DELETE FROM `ma...')
#2 C:\xampp\htdocs\Aplikasi_CI4_Saya\vendor\codeigniter4\framework\system\Database\BaseConnection.php(669): CodeIgniter\Database\BaseConnection->simpleQuery('DELETE FROM `ma...')
#3 C:\xampp\htdocs\Aplikasi_CI4_Saya\vendor\codeigniter4\framework\system\Database\BaseBuilder.php(2853): CodeIgniter\Database\BaseConnection->query('DELETE FROM `ma...', Array, false)
#4 C:\xampp\htdocs\Aplikasi_CI4_Saya\vendor\codeigniter4\framework\system\Model.php(977): CodeIgniter\Database\BaseBuilder->delete()
#5 C:\xampp\htdocs\Aplikasi_CI4_Saya\app\Controllers\Dataku.php(165): CodeIgniter\Model->delete(Array)
#6 C:\xampp\htdocs\Aplikasi_CI4_Saya\vendor\codeigniter4\framework\system\CodeIgniter.php(918): App\Controllers\Dataku->hapus('33')
#7 C:\xampp\htdocs\Aplikasi_CI4_Saya\vendor\codeigniter4\framework\system\CodeIgniter.php(404): CodeIgniter\CodeIgniter->runController(Object(App\Controllers\Dataku))
#8 C:\xampp\htdocs\Aplikasi_CI4_Saya\vendor\codeigniter4\framework\system\CodeIgniter.php(312): CodeIgniter\CodeIgniter->handleRequest(NULL, Object(Config\Cache), false)
#9 C:\xampp\htdocs\Aplikasi_CI4_Saya\public\index.php(45): CodeIgniter\CodeIgniter->run()
#10 C:\xampp\htdocs\Aplikasi_CI4_Saya\vendor\codeigniter4\framework\system\Commands\Server\rewrite.php(34): require_once('C:\\xampp\\htdocs...')
#11 {main}
CRITICAL - 2020-09-26 02:17:12 --> Unknown column 'id' in 'where clause'
#0 C:\xampp\htdocs\Aplikasi_CI4_Saya\vendor\codeigniter4\framework\system\Database\MySQLi\Connection.php(331): mysqli->query('DELETE FROM `ma...')
#1 C:\xampp\htdocs\Aplikasi_CI4_Saya\vendor\codeigniter4\framework\system\Database\BaseConnection.php(741): CodeIgniter\Database\MySQLi\Connection->execute('DELETE FROM `ma...')
#2 C:\xampp\htdocs\Aplikasi_CI4_Saya\vendor\codeigniter4\framework\system\Database\BaseConnection.php(669): CodeIgniter\Database\BaseConnection->simpleQuery('DELETE FROM `ma...')
#3 C:\xampp\htdocs\Aplikasi_CI4_Saya\vendor\codeigniter4\framework\system\Database\BaseBuilder.php(2853): CodeIgniter\Database\BaseConnection->query('DELETE FROM `ma...', Array, false)
#4 C:\xampp\htdocs\Aplikasi_CI4_Saya\vendor\codeigniter4\framework\system\Model.php(977): CodeIgniter\Database\BaseBuilder->delete()
#5 C:\xampp\htdocs\Aplikasi_CI4_Saya\app\Controllers\Dataku.php(165): CodeIgniter\Model->delete(Array)
#6 C:\xampp\htdocs\Aplikasi_CI4_Saya\vendor\codeigniter4\framework\system\CodeIgniter.php(918): App\Controllers\Dataku->hapus('33')
#7 C:\xampp\htdocs\Aplikasi_CI4_Saya\vendor\codeigniter4\framework\system\CodeIgniter.php(404): CodeIgniter\CodeIgniter->runController(Object(App\Controllers\Dataku))
#8 C:\xampp\htdocs\Aplikasi_CI4_Saya\vendor\codeigniter4\framework\system\CodeIgniter.php(312): CodeIgniter\CodeIgniter->handleRequest(NULL, Object(Config\Cache), false)
#9 C:\xampp\htdocs\Aplikasi_CI4_Saya\public\index.php(45): CodeIgniter\CodeIgniter->run()
#10 C:\xampp\htdocs\Aplikasi_CI4_Saya\vendor\codeigniter4\framework\system\Commands\Server\rewrite.php(34): require_once('C:\\xampp\\htdocs...')
#11 {main}
CRITICAL - 2020-09-26 02:17:44 --> Unknown column 'id' in 'where clause'
#0 C:\xampp\htdocs\Aplikasi_CI4_Saya\vendor\codeigniter4\framework\system\Database\MySQLi\Connection.php(331): mysqli->query('DELETE FROM `ma...')
#1 C:\xampp\htdocs\Aplikasi_CI4_Saya\vendor\codeigniter4\framework\system\Database\BaseConnection.php(741): CodeIgniter\Database\MySQLi\Connection->execute('DELETE FROM `ma...')
#2 C:\xampp\htdocs\Aplikasi_CI4_Saya\vendor\codeigniter4\framework\system\Database\BaseConnection.php(669): CodeIgniter\Database\BaseConnection->simpleQuery('DELETE FROM `ma...')
#3 C:\xampp\htdocs\Aplikasi_CI4_Saya\vendor\codeigniter4\framework\system\Database\BaseBuilder.php(2853): CodeIgniter\Database\BaseConnection->query('DELETE FROM `ma...', Array, false)
#4 C:\xampp\htdocs\Aplikasi_CI4_Saya\vendor\codeigniter4\framework\system\Model.php(977): CodeIgniter\Database\BaseBuilder->delete()
#5 C:\xampp\htdocs\Aplikasi_CI4_Saya\app\Controllers\Dataku.php(165): CodeIgniter\Model->delete(Array)
#6 C:\xampp\htdocs\Aplikasi_CI4_Saya\vendor\codeigniter4\framework\system\CodeIgniter.php(918): App\Controllers\Dataku->hapus('33')
#7 C:\xampp\htdocs\Aplikasi_CI4_Saya\vendor\codeigniter4\framework\system\CodeIgniter.php(404): CodeIgniter\CodeIgniter->runController(Object(App\Controllers\Dataku))
#8 C:\xampp\htdocs\Aplikasi_CI4_Saya\vendor\codeigniter4\framework\system\CodeIgniter.php(312): CodeIgniter\CodeIgniter->handleRequest(NULL, Object(Config\Cache), false)
#9 C:\xampp\htdocs\Aplikasi_CI4_Saya\public\index.php(45): CodeIgniter\CodeIgniter->run()
#10 C:\xampp\htdocs\Aplikasi_CI4_Saya\vendor\codeigniter4\framework\system\Commands\Server\rewrite.php(34): require_once('C:\\xampp\\htdocs...')
#11 {main}
CRITICAL - 2020-09-26 02:21:22 --> Unknown column 'id' in 'where clause'
#0 C:\xampp\htdocs\Aplikasi_CI4_Saya\vendor\codeigniter4\framework\system\Database\MySQLi\Connection.php(331): mysqli->query('DELETE FROM `ma...')
#1 C:\xampp\htdocs\Aplikasi_CI4_Saya\vendor\codeigniter4\framework\system\Database\BaseConnection.php(741): CodeIgniter\Database\MySQLi\Connection->execute('DELETE FROM `ma...')
#2 C:\xampp\htdocs\Aplikasi_CI4_Saya\vendor\codeigniter4\framework\system\Database\BaseConnection.php(669): CodeIgniter\Database\BaseConnection->simpleQuery('DELETE FROM `ma...')
#3 C:\xampp\htdocs\Aplikasi_CI4_Saya\vendor\codeigniter4\framework\system\Database\BaseBuilder.php(2853): CodeIgniter\Database\BaseConnection->query('DELETE FROM `ma...', Array, false)
#4 C:\xampp\htdocs\Aplikasi_CI4_Saya\vendor\codeigniter4\framework\system\Model.php(977): CodeIgniter\Database\BaseBuilder->delete()
#5 C:\xampp\htdocs\Aplikasi_CI4_Saya\app\Controllers\Dataku.php(165): CodeIgniter\Model->delete(Array)
#6 C:\xampp\htdocs\Aplikasi_CI4_Saya\vendor\codeigniter4\framework\system\CodeIgniter.php(918): App\Controllers\Dataku->hapus('33')
#7 C:\xampp\htdocs\Aplikasi_CI4_Saya\vendor\codeigniter4\framework\system\CodeIgniter.php(404): CodeIgniter\CodeIgniter->runController(Object(App\Controllers\Dataku))
#8 C:\xampp\htdocs\Aplikasi_CI4_Saya\vendor\codeigniter4\framework\system\CodeIgniter.php(312): CodeIgniter\CodeIgniter->handleRequest(NULL, Object(Config\Cache), false)
#9 C:\xampp\htdocs\Aplikasi_CI4_Saya\public\index.php(45): CodeIgniter\CodeIgniter->run()
#10 C:\xampp\htdocs\Aplikasi_CI4_Saya\vendor\codeigniter4\framework\system\Commands\Server\rewrite.php(34): require_once('C:\\xampp\\htdocs...')
#11 {main}
CRITICAL - 2020-09-26 04:29:36 --> Unknown column 'id' in 'where clause'
#0 C:\xampp\htdocs\Aplikasi_CI4_Saya\vendor\codeigniter4\framework\system\Database\MySQLi\Connection.php(331): mysqli->query('DELETE FROM `ma...')
#1 C:\xampp\htdocs\Aplikasi_CI4_Saya\vendor\codeigniter4\framework\system\Database\BaseConnection.php(741): CodeIgniter\Database\MySQLi\Connection->execute('DELETE FROM `ma...')
#2 C:\xampp\htdocs\Aplikasi_CI4_Saya\vendor\codeigniter4\framework\system\Database\BaseConnection.php(669): CodeIgniter\Database\BaseConnection->simpleQuery('DELETE FROM `ma...')
#3 C:\xampp\htdocs\Aplikasi_CI4_Saya\vendor\codeigniter4\framework\system\Database\BaseBuilder.php(2853): CodeIgniter\Database\BaseConnection->query('DELETE FROM `ma...', Array, false)
#4 C:\xampp\htdocs\Aplikasi_CI4_Saya\vendor\codeigniter4\framework\system\Model.php(977): CodeIgniter\Database\BaseBuilder->delete()
#5 C:\xampp\htdocs\Aplikasi_CI4_Saya\app\Controllers\Dataku.php(165): CodeIgniter\Model->delete(Array)
#6 C:\xampp\htdocs\Aplikasi_CI4_Saya\vendor\codeigniter4\framework\system\CodeIgniter.php(918): App\Controllers\Dataku->hapus('33')
#7 C:\xampp\htdocs\Aplikasi_CI4_Saya\vendor\codeigniter4\framework\system\CodeIgniter.php(404): CodeIgniter\CodeIgniter->runController(Object(App\Controllers\Dataku))
#8 C:\xampp\htdocs\Aplikasi_CI4_Saya\vendor\codeigniter4\framework\system\CodeIgniter.php(312): CodeIgniter\CodeIgniter->handleRequest(NULL, Object(Config\Cache), false)
#9 C:\xampp\htdocs\Aplikasi_CI4_Saya\public\index.php(45): CodeIgniter\CodeIgniter->run()
#10 C:\xampp\htdocs\Aplikasi_CI4_Saya\vendor\codeigniter4\framework\system\Commands\Server\rewrite.php(34): require_once('C:\\xampp\\htdocs...')
#11 {main}
CRITICAL - 2020-09-26 04:31:08 --> Unknown column 'id' in 'where clause'
#0 C:\xampp\htdocs\Aplikasi_CI4_Saya\vendor\codeigniter4\framework\system\Database\MySQLi\Connection.php(331): mysqli->query('SELECT *\nFROM `...')
#1 C:\xampp\htdocs\Aplikasi_CI4_Saya\vendor\codeigniter4\framework\system\Database\BaseConnection.php(741): CodeIgniter\Database\MySQLi\Connection->execute('SELECT *\nFROM `...')
#2 C:\xampp\htdocs\Aplikasi_CI4_Saya\vendor\codeigniter4\framework\system\Database\BaseConnection.php(669): CodeIgniter\Database\BaseConnection->simpleQuery('SELECT *\nFROM `...')
#3 C:\xampp\htdocs\Aplikasi_CI4_Saya\vendor\codeigniter4\framework\system\Database\BaseBuilder.php(1860): CodeIgniter\Database\BaseConnection->query('SELECT *\nFROM `...', Array, false)
#4 C:\xampp\htdocs\Aplikasi_CI4_Saya\vendor\codeigniter4\framework\system\Model.php(506): CodeIgniter\Database\BaseBuilder->get()
#5 C:\xampp\htdocs\Aplikasi_CI4_Saya\app\Models\MahasiswaModel.php(18): CodeIgniter\Model->first()
#6 C:\xampp\htdocs\Aplikasi_CI4_Saya\app\Controllers\Dataku.php(45): App\Models\MahasiswaModel->getMahasiswaCek('33')
#7 C:\xampp\htdocs\Aplikasi_CI4_Saya\vendor\codeigniter4\framework\system\CodeIgniter.php(918): App\Controllers\Dataku->detail('33')
#8 C:\xampp\htdocs\Aplikasi_CI4_Saya\vendor\codeigniter4\framework\system\CodeIgniter.php(404): CodeIgniter\CodeIgniter->runController(Object(App\Controllers\Dataku))
#9 C:\xampp\htdocs\Aplikasi_CI4_Saya\vendor\codeigniter4\framework\system\CodeIgniter.php(312): CodeIgniter\CodeIgniter->handleRequest(NULL, Object(Config\Cache), false)
#10 C:\xampp\htdocs\Aplikasi_CI4_Saya\public\index.php(45): CodeIgniter\CodeIgniter->run()
#11 C:\xampp\htdocs\Aplikasi_CI4_Saya\vendor\codeigniter4\framework\system\Commands\Server\rewrite.php(34): require_once('C:\\xampp\\htdocs...')
#12 {main}
CRITICAL - 2020-09-26 04:31:14 --> Unknown column 'id' in 'where clause'
#0 C:\xampp\htdocs\Aplikasi_CI4_Saya\vendor\codeigniter4\framework\system\Database\MySQLi\Connection.php(331): mysqli->query('SELECT *\nFROM `...')
#1 C:\xampp\htdocs\Aplikasi_CI4_Saya\vendor\codeigniter4\framework\system\Database\BaseConnection.php(741): CodeIgniter\Database\MySQLi\Connection->execute('SELECT *\nFROM `...')
#2 C:\xampp\htdocs\Aplikasi_CI4_Saya\vendor\codeigniter4\framework\system\Database\BaseConnection.php(669): CodeIgniter\Database\BaseConnection->simpleQuery('SELECT *\nFROM `...')
#3 C:\xampp\htdocs\Aplikasi_CI4_Saya\vendor\codeigniter4\framework\system\Database\BaseBuilder.php(1860): CodeIgniter\Database\BaseConnection->query('SELECT *\nFROM `...', Array, false)
#4 C:\xampp\htdocs\Aplikasi_CI4_Saya\vendor\codeigniter4\framework\system\Model.php(506): CodeIgniter\Database\BaseBuilder->get()
#5 C:\xampp\htdocs\Aplikasi_CI4_Saya\app\Models\MahasiswaModel.php(18): CodeIgniter\Model->first()
#6 C:\xampp\htdocs\Aplikasi_CI4_Saya\app\Controllers\Dataku.php(45): App\Models\MahasiswaModel->getMahasiswaCek('33')
#7 C:\xampp\htdocs\Aplikasi_CI4_Saya\vendor\codeigniter4\framework\system\CodeIgniter.php(918): App\Controllers\Dataku->detail('33')
#8 C:\xampp\htdocs\Aplikasi_CI4_Saya\vendor\codeigniter4\framework\system\CodeIgniter.php(404): CodeIgniter\CodeIgniter->runController(Object(App\Controllers\Dataku))
#9 C:\xampp\htdocs\Aplikasi_CI4_Saya\vendor\codeigniter4\framework\system\CodeIgniter.php(312): CodeIgniter\CodeIgniter->handleRequest(NULL, Object(Config\Cache), false)
#10 C:\xampp\htdocs\Aplikasi_CI4_Saya\public\index.php(45): CodeIgniter\CodeIgniter->run()
#11 C:\xampp\htdocs\Aplikasi_CI4_Saya\vendor\codeigniter4\framework\system\Commands\Server\rewrite.php(34): require_once('C:\\xampp\\htdocs...')
#12 {main}
CRITICAL - 2020-09-26 04:37:49 --> Unknown column 'id' in 'where clause'
#0 C:\xampp\htdocs\Aplikasi_CI4_Saya\vendor\codeigniter4\framework\system\Database\MySQLi\Connection.php(331): mysqli->query('DELETE FROM `ma...')
#1 C:\xampp\htdocs\Aplikasi_CI4_Saya\vendor\codeigniter4\framework\system\Database\BaseConnection.php(741): CodeIgniter\Database\MySQLi\Connection->execute('DELETE FROM `ma...')
#2 C:\xampp\htdocs\Aplikasi_CI4_Saya\vendor\codeigniter4\framework\system\Database\BaseConnection.php(669): CodeIgniter\Database\BaseConnection->simpleQuery('DELETE FROM `ma...')
#3 C:\xampp\htdocs\Aplikasi_CI4_Saya\vendor\codeigniter4\framework\system\Database\BaseBuilder.php(2853): CodeIgniter\Database\BaseConnection->query('DELETE FROM `ma...', Array, false)
#4 C:\xampp\htdocs\Aplikasi_CI4_Saya\vendor\codeigniter4\framework\system\Model.php(977): CodeIgniter\Database\BaseBuilder->delete()
#5 C:\xampp\htdocs\Aplikasi_CI4_Saya\app\Controllers\Dataku.php(165): CodeIgniter\Model->delete(Array)
#6 C:\xampp\htdocs\Aplikasi_CI4_Saya\vendor\codeigniter4\framework\system\CodeIgniter.php(918): App\Controllers\Dataku->hapus('28')
#7 C:\xampp\htdocs\Aplikasi_CI4_Saya\vendor\codeigniter4\framework\system\CodeIgniter.php(404): CodeIgniter\CodeIgniter->runController(Object(App\Controllers\Dataku))
#8 C:\xampp\htdocs\Aplikasi_CI4_Saya\vendor\codeigniter4\framework\system\CodeIgniter.php(312): CodeIgniter\CodeIgniter->handleRequest(NULL, Object(Config\Cache), false)
#9 C:\xampp\htdocs\Aplikasi_CI4_Saya\public\index.php(45): CodeIgniter\CodeIgniter->run()
#10 C:\xampp\htdocs\Aplikasi_CI4_Saya\vendor\codeigniter4\framework\system\Commands\Server\rewrite.php(34): require_once('C:\\xampp\\htdocs...')
#11 {main}
CRITICAL - 2020-09-26 04:38:16 --> Unknown column 'id' in 'where clause'
#0 C:\xampp\htdocs\Aplikasi_CI4_Saya\vendor\codeigniter4\framework\system\Database\MySQLi\Connection.php(331): mysqli->query('SELECT *\nFROM `...')
#1 C:\xampp\htdocs\Aplikasi_CI4_Saya\vendor\codeigniter4\framework\system\Database\BaseConnection.php(741): CodeIgniter\Database\MySQLi\Connection->execute('SELECT *\nFROM `...')
#2 C:\xampp\htdocs\Aplikasi_CI4_Saya\vendor\codeigniter4\framework\system\Database\BaseConnection.php(669): CodeIgniter\Database\BaseConnection->simpleQuery('SELECT *\nFROM `...')
#3 C:\xampp\htdocs\Aplikasi_CI4_Saya\vendor\codeigniter4\framework\system\Database\BaseBuilder.php(1860): CodeIgniter\Database\BaseConnection->query('SELECT *\nFROM `...', Array, false)
#4 C:\xampp\htdocs\Aplikasi_CI4_Saya\vendor\codeigniter4\framework\system\Model.php(506): CodeIgniter\Database\BaseBuilder->get()
#5 C:\xampp\htdocs\Aplikasi_CI4_Saya\app\Models\MahasiswaModel.php(18): CodeIgniter\Model->first()
#6 C:\xampp\htdocs\Aplikasi_CI4_Saya\app\Controllers\Dataku.php(45): App\Models\MahasiswaModel->getMahasiswaCek('33')
#7 C:\xampp\htdocs\Aplikasi_CI4_Saya\vendor\codeigniter4\framework\system\CodeIgniter.php(918): App\Controllers\Dataku->detail('33')
#8 C:\xampp\htdocs\Aplikasi_CI4_Saya\vendor\codeigniter4\framework\system\CodeIgniter.php(404): CodeIgniter\CodeIgniter->runController(Object(App\Controllers\Dataku))
#9 C:\xampp\htdocs\Aplikasi_CI4_Saya\vendor\codeigniter4\framework\system\CodeIgniter.php(312): CodeIgniter\CodeIgniter->handleRequest(NULL, Object(Config\Cache), false)
#10 C:\xampp\htdocs\Aplikasi_CI4_Saya\public\index.php(45): CodeIgniter\CodeIgniter->run()
#11 C:\xampp\htdocs\Aplikasi_CI4_Saya\vendor\codeigniter4\framework\system\Commands\Server\rewrite.php(34): require_once('C:\\xampp\\htdocs...')
#12 {main}
CRITICAL - 2020-09-26 04:38:50 --> Unknown column 'id' in 'where clause'
#0 C:\xampp\htdocs\Aplikasi_CI4_Saya\vendor\codeigniter4\framework\system\Database\MySQLi\Connection.php(331): mysqli->query('SELECT *\nFROM `...')
#1 C:\xampp\htdocs\Aplikasi_CI4_Saya\vendor\codeigniter4\framework\system\Database\BaseConnection.php(741): CodeIgniter\Database\MySQLi\Connection->execute('SELECT *\nFROM `...')
#2 C:\xampp\htdocs\Aplikasi_CI4_Saya\vendor\codeigniter4\framework\system\Database\BaseConnection.php(669): CodeIgniter\Database\BaseConnection->simpleQuery('SELECT *\nFROM `...')
#3 C:\xampp\htdocs\Aplikasi_CI4_Saya\vendor\codeigniter4\framework\system\Database\BaseBuilder.php(1860): CodeIgniter\Database\BaseConnection->query('SELECT *\nFROM `...', Array, false)
#4 C:\xampp\htdocs\Aplikasi_CI4_Saya\vendor\codeigniter4\framework\system\Model.php(506): CodeIgniter\Database\BaseBuilder->get()
#5 C:\xampp\htdocs\Aplikasi_CI4_Saya\app\Models\MahasiswaModel.php(18): CodeIgniter\Model->first()
#6 C:\xampp\htdocs\Aplikasi_CI4_Saya\app\Controllers\Dataku.php(45): App\Models\MahasiswaModel->getMahasiswaCek('31')
#7 C:\xampp\htdocs\Aplikasi_CI4_Saya\vendor\codeigniter4\framework\system\CodeIgniter.php(918): App\Controllers\Dataku->detail('31')
#8 C:\xampp\htdocs\Aplikasi_CI4_Saya\vendor\codeigniter4\framework\system\CodeIgniter.php(404): CodeIgniter\CodeIgniter->runController(Object(App\Controllers\Dataku))
#9 C:\xampp\htdocs\Aplikasi_CI4_Saya\vendor\codeigniter4\framework\system\CodeIgniter.php(312): CodeIgniter\CodeIgniter->handleRequest(NULL, Object(Config\Cache), false)
#10 C:\xampp\htdocs\Aplikasi_CI4_Saya\public\index.php(45): CodeIgniter\CodeIgniter->run()
#11 C:\xampp\htdocs\Aplikasi_CI4_Saya\vendor\codeigniter4\framework\system\Commands\Server\rewrite.php(34): require_once('C:\\xampp\\htdocs...')
#12 {main}
CRITICAL - 2020-09-26 04:38:53 --> Unknown column 'id' in 'where clause'
#0 C:\xampp\htdocs\Aplikasi_CI4_Saya\vendor\codeigniter4\framework\system\Database\MySQLi\Connection.php(331): mysqli->query('SELECT *\nFROM `...')
#1 C:\xampp\htdocs\Aplikasi_CI4_Saya\vendor\codeigniter4\framework\system\Database\BaseConnection.php(741): CodeIgniter\Database\MySQLi\Connection->execute('SELECT *\nFROM `...')
#2 C:\xampp\htdocs\Aplikasi_CI4_Saya\vendor\codeigniter4\framework\system\Database\BaseConnection.php(669): CodeIgniter\Database\BaseConnection->simpleQuery('SELECT *\nFROM `...')
#3 C:\xampp\htdocs\Aplikasi_CI4_Saya\vendor\codeigniter4\framework\system\Database\BaseBuilder.php(1860): CodeIgniter\Database\BaseConnection->query('SELECT *\nFROM `...', Array, false)
#4 C:\xampp\htdocs\Aplikasi_CI4_Saya\vendor\codeigniter4\framework\system\Model.php(506): CodeIgniter\Database\BaseBuilder->get()
#5 C:\xampp\htdocs\Aplikasi_CI4_Saya\app\Models\MahasiswaModel.php(18): CodeIgniter\Model->first()
#6 C:\xampp\htdocs\Aplikasi_CI4_Saya\app\Controllers\Dataku.php(45): App\Models\MahasiswaModel->getMahasiswaCek('33')
#7 C:\xampp\htdocs\Aplikasi_CI4_Saya\vendor\codeigniter4\framework\system\CodeIgniter.php(918): App\Controllers\Dataku->detail('33')
#8 C:\xampp\htdocs\Aplikasi_CI4_Saya\vendor\codeigniter4\framework\system\CodeIgniter.php(404): CodeIgniter\CodeIgniter->runController(Object(App\Controllers\Dataku))
#9 C:\xampp\htdocs\Aplikasi_CI4_Saya\vendor\codeigniter4\framework\system\CodeIgniter.php(312): CodeIgniter\CodeIgniter->handleRequest(NULL, Object(Config\Cache), false)
#10 C:\xampp\htdocs\Aplikasi_CI4_Saya\public\index.php(45): CodeIgniter\CodeIgniter->run()
#11 C:\xampp\htdocs\Aplikasi_CI4_Saya\vendor\codeigniter4\framework\system\Commands\Server\rewrite.php(34): require_once('C:\\xampp\\htdocs...')
#12 {main}
CRITICAL - 2020-09-26 04:38:56 --> Unknown column 'id' in 'where clause'
#0 C:\xampp\htdocs\Aplikasi_CI4_Saya\vendor\codeigniter4\framework\system\Database\MySQLi\Connection.php(331): mysqli->query('SELECT *\nFROM `...')
#1 C:\xampp\htdocs\Aplikasi_CI4_Saya\vendor\codeigniter4\framework\system\Database\BaseConnection.php(741): CodeIgniter\Database\MySQLi\Connection->execute('SELECT *\nFROM `...')
#2 C:\xampp\htdocs\Aplikasi_CI4_Saya\vendor\codeigniter4\framework\system\Database\BaseConnection.php(669): CodeIgniter\Database\BaseConnection->simpleQuery('SELECT *\nFROM `...')
#3 C:\xampp\htdocs\Aplikasi_CI4_Saya\vendor\codeigniter4\framework\system\Database\BaseBuilder.php(1860): CodeIgniter\Database\BaseConnection->query('SELECT *\nFROM `...', Array, false)
#4 C:\xampp\htdocs\Aplikasi_CI4_Saya\vendor\codeigniter4\framework\system\Model.php(506): CodeIgniter\Database\BaseBuilder->get()
#5 C:\xampp\htdocs\Aplikasi_CI4_Saya\app\Models\MahasiswaModel.php(18): CodeIgniter\Model->first()
#6 C:\xampp\htdocs\Aplikasi_CI4_Saya\app\Controllers\Dataku.php(45): App\Models\MahasiswaModel->getMahasiswaCek('4')
#7 C:\xampp\htdocs\Aplikasi_CI4_Saya\vendor\codeigniter4\framework\system\CodeIgniter.php(918): App\Controllers\Dataku->detail('4')
#8 C:\xampp\htdocs\Aplikasi_CI4_Saya\vendor\codeigniter4\framework\system\CodeIgniter.php(404): CodeIgniter\CodeIgniter->runController(Object(App\Controllers\Dataku))
#9 C:\xampp\htdocs\Aplikasi_CI4_Saya\vendor\codeigniter4\framework\system\CodeIgniter.php(312): CodeIgniter\CodeIgniter->handleRequest(NULL, Object(Config\Cache), false)
#10 C:\xampp\htdocs\Aplikasi_CI4_Saya\public\index.php(45): CodeIgniter\CodeIgniter->run()
#11 C:\xampp\htdocs\Aplikasi_CI4_Saya\vendor\codeigniter4\framework\system\Commands\Server\rewrite.php(34): require_once('C:\\xampp\\htdocs...')
#12 {main}
CRITICAL - 2020-09-26 04:38:58 --> Unknown column 'id' in 'where clause'
#0 C:\xampp\htdocs\Aplikasi_CI4_Saya\vendor\codeigniter4\framework\system\Database\MySQLi\Connection.php(331): mysqli->query('SELECT *\nFROM `...')
#1 C:\xampp\htdocs\Aplikasi_CI4_Saya\vendor\codeigniter4\framework\system\Database\BaseConnection.php(741): CodeIgniter\Database\MySQLi\Connection->execute('SELECT *\nFROM `...')
#2 C:\xampp\htdocs\Aplikasi_CI4_Saya\vendor\codeigniter4\framework\system\Database\BaseConnection.php(669): CodeIgniter\Database\BaseConnection->simpleQuery('SELECT *\nFROM `...')
#3 C:\xampp\htdocs\Aplikasi_CI4_Saya\vendor\codeigniter4\framework\system\Database\BaseBuilder.php(1860): CodeIgniter\Database\BaseConnection->query('SELECT *\nFROM `...', Array, false)
#4 C:\xampp\htdocs\Aplikasi_CI4_Saya\vendor\codeigniter4\framework\system\Model.php(506): CodeIgniter\Database\BaseBuilder->get()
#5 C:\xampp\htdocs\Aplikasi_CI4_Saya\app\Models\MahasiswaModel.php(18): CodeIgniter\Model->first()
#6 C:\xampp\htdocs\Aplikasi_CI4_Saya\app\Controllers\Dataku.php(45): App\Models\MahasiswaModel->getMahasiswaCek('2')
#7 C:\xampp\htdocs\Aplikasi_CI4_Saya\vendor\codeigniter4\framework\system\CodeIgniter.php(918): App\Controllers\Dataku->detail('2')
#8 C:\xampp\htdocs\Aplikasi_CI4_Saya\vendor\codeigniter4\framework\system\CodeIgniter.php(404): CodeIgniter\CodeIgniter->runController(Object(App\Controllers\Dataku))
#9 C:\xampp\htdocs\Aplikasi_CI4_Saya\vendor\codeigniter4\framework\system\CodeIgniter.php(312): CodeIgniter\CodeIgniter->handleRequest(NULL, Object(Config\Cache), false)
#10 C:\xampp\htdocs\Aplikasi_CI4_Saya\public\index.php(45): CodeIgniter\CodeIgniter->run()
#11 C:\xampp\htdocs\Aplikasi_CI4_Saya\vendor\codeigniter4\framework\system\Commands\Server\rewrite.php(34): require_once('C:\\xampp\\htdocs...')
#12 {main}
CRITICAL - 2020-09-26 04:39:02 --> Unknown column 'id' in 'where clause'
#0 C:\xampp\htdocs\Aplikasi_CI4_Saya\vendor\codeigniter4\framework\system\Database\MySQLi\Connection.php(331): mysqli->query('SELECT *\nFROM `...')
#1 C:\xampp\htdocs\Aplikasi_CI4_Saya\vendor\codeigniter4\framework\system\Database\BaseConnection.php(741): CodeIgniter\Database\MySQLi\Connection->execute('SELECT *\nFROM `...')
#2 C:\xampp\htdocs\Aplikasi_CI4_Saya\vendor\codeigniter4\framework\system\Database\BaseConnection.php(669): CodeIgniter\Database\BaseConnection->simpleQuery('SELECT *\nFROM `...')
#3 C:\xampp\htdocs\Aplikasi_CI4_Saya\vendor\codeigniter4\framework\system\Database\BaseBuilder.php(1860): CodeIgniter\Database\BaseConnection->query('SELECT *\nFROM `...', Array, false)
#4 C:\xampp\htdocs\Aplikasi_CI4_Saya\vendor\codeigniter4\framework\system\Model.php(506): CodeIgniter\Database\BaseBuilder->get()
#5 C:\xampp\htdocs\Aplikasi_CI4_Saya\app\Models\MahasiswaModel.php(18): CodeIgniter\Model->first()
#6 C:\xampp\htdocs\Aplikasi_CI4_Saya\app\Controllers\Dataku.php(45): App\Models\MahasiswaModel->getMahasiswaCek('1')
#7 C:\xampp\htdocs\Aplikasi_CI4_Saya\vendor\codeigniter4\framework\system\CodeIgniter.php(918): App\Controllers\Dataku->detail('1')
#8 C:\xampp\htdocs\Aplikasi_CI4_Saya\vendor\codeigniter4\framework\system\CodeIgniter.php(404): CodeIgniter\CodeIgniter->runController(Object(App\Controllers\Dataku))
#9 C:\xampp\htdocs\Aplikasi_CI4_Saya\vendor\codeigniter4\framework\system\CodeIgniter.php(312): CodeIgniter\CodeIgniter->handleRequest(NULL, Object(Config\Cache), false)
#10 C:\xampp\htdocs\Aplikasi_CI4_Saya\public\index.php(45): CodeIgniter\CodeIgniter->run()
#11 C:\xampp\htdocs\Aplikasi_CI4_Saya\vendor\codeigniter4\framework\system\Commands\Server\rewrite.php(34): require_once('C:\\xampp\\htdocs...')
#12 {main}
CRITICAL - 2020-09-26 04:41:16 --> Undefined index: id
#0 C:\xampp\htdocs\Aplikasi_CI4_Saya\app\Views\data\index.php(65): CodeIgniter\Debug\Exceptions->errorHandler(8, 'Undefined index...', 'C:\\xampp\\htdocs...', 65, Array)
#1 C:\xampp\htdocs\Aplikasi_CI4_Saya\vendor\codeigniter4\framework\system\View\View.php(246): include('C:\\xampp\\htdocs...')
#2 C:\xampp\htdocs\Aplikasi_CI4_Saya\vendor\codeigniter4\framework\system\Common.php(1119): CodeIgniter\View\View->render('data/index', Array, true)
#3 C:\xampp\htdocs\Aplikasi_CI4_Saya\app\Controllers\Dataku.php(28): view('data/index', Array)
#4 C:\xampp\htdocs\Aplikasi_CI4_Saya\vendor\codeigniter4\framework\system\CodeIgniter.php(918): App\Controllers\Dataku->index()
#5 C:\xampp\htdocs\Aplikasi_CI4_Saya\vendor\codeigniter4\framework\system\CodeIgniter.php(404): CodeIgniter\CodeIgniter->runController(Object(App\Controllers\Dataku))
#6 C:\xampp\htdocs\Aplikasi_CI4_Saya\vendor\codeigniter4\framework\system\CodeIgniter.php(312): CodeIgniter\CodeIgniter->handleRequest(NULL, Object(Config\Cache), false)
#7 C:\xampp\htdocs\Aplikasi_CI4_Saya\public\index.php(45): CodeIgniter\CodeIgniter->run()
#8 C:\xampp\htdocs\Aplikasi_CI4_Saya\vendor\codeigniter4\framework\system\Commands\Server\rewrite.php(34): require_once('C:\\xampp\\htdocs...')
#9 {main}
CRITICAL - 2020-09-26 04:42:12 --> Unknown column 'id' in 'where clause'
#0 C:\xampp\htdocs\Aplikasi_CI4_Saya\vendor\codeigniter4\framework\system\Database\MySQLi\Connection.php(331): mysqli->query('SELECT *\nFROM `...')
#1 C:\xampp\htdocs\Aplikasi_CI4_Saya\vendor\codeigniter4\framework\system\Database\BaseConnection.php(741): CodeIgniter\Database\MySQLi\Connection->execute('SELECT *\nFROM `...')
#2 C:\xampp\htdocs\Aplikasi_CI4_Saya\vendor\codeigniter4\framework\system\Database\BaseConnection.php(669): CodeIgniter\Database\BaseConnection->simpleQuery('SELECT *\nFROM `...')
#3 C:\xampp\htdocs\Aplikasi_CI4_Saya\vendor\codeigniter4\framework\system\Database\BaseBuilder.php(1860): CodeIgniter\Database\BaseConnection->query('SELECT *\nFROM `...', Array, false)
#4 C:\xampp\htdocs\Aplikasi_CI4_Saya\vendor\codeigniter4\framework\system\Model.php(506): CodeIgniter\Database\BaseBuilder->get()
#5 C:\xampp\htdocs\Aplikasi_CI4_Saya\app\Models\MahasiswaModel.php(18): CodeIgniter\Model->first()
#6 C:\xampp\htdocs\Aplikasi_CI4_Saya\app\Controllers\Dataku.php(45): App\Models\MahasiswaModel->getMahasiswaCek('3')
#7 C:\xampp\htdocs\Aplikasi_CI4_Saya\vendor\codeigniter4\framework\system\CodeIgniter.php(918): App\Controllers\Dataku->detail('3')
#8 C:\xampp\htdocs\Aplikasi_CI4_Saya\vendor\codeigniter4\framework\system\CodeIgniter.php(404): CodeIgniter\CodeIgniter->runController(Object(App\Controllers\Dataku))
#9 C:\xampp\htdocs\Aplikasi_CI4_Saya\vendor\codeigniter4\framework\system\CodeIgniter.php(312): CodeIgniter\CodeIgniter->handleRequest(NULL, Object(Config\Cache), false)
#10 C:\xampp\htdocs\Aplikasi_CI4_Saya\public\index.php(45): CodeIgniter\CodeIgniter->run()
#11 C:\xampp\htdocs\Aplikasi_CI4_Saya\vendor\codeigniter4\framework\system\Commands\Server\rewrite.php(34): require_once('C:\\xampp\\htdocs...')
#12 {main}
CRITICAL - 2020-09-26 04:42:18 --> Unknown column 'id' in 'where clause'
#0 C:\xampp\htdocs\Aplikasi_CI4_Saya\vendor\codeigniter4\framework\system\Database\MySQLi\Connection.php(331): mysqli->query('DELETE FROM `ma...')
#1 C:\xampp\htdocs\Aplikasi_CI4_Saya\vendor\codeigniter4\framework\system\Database\BaseConnection.php(741): CodeIgniter\Database\MySQLi\Connection->execute('DELETE FROM `ma...')
#2 C:\xampp\htdocs\Aplikasi_CI4_Saya\vendor\codeigniter4\framework\system\Database\BaseConnection.php(669): CodeIgniter\Database\BaseConnection->simpleQuery('DELETE FROM `ma...')
#3 C:\xampp\htdocs\Aplikasi_CI4_Saya\vendor\codeigniter4\framework\system\Database\BaseBuilder.php(2853): CodeIgniter\Database\BaseConnection->query('DELETE FROM `ma...', Array, false)
#4 C:\xampp\htdocs\Aplikasi_CI4_Saya\vendor\codeigniter4\framework\system\Model.php(977): CodeIgniter\Database\BaseBuilder->delete()
#5 C:\xampp\htdocs\Aplikasi_CI4_Saya\app\Controllers\Dataku.php(165): CodeIgniter\Model->delete(Array)
#6 C:\xampp\htdocs\Aplikasi_CI4_Saya\vendor\codeigniter4\framework\system\CodeIgniter.php(918): App\Controllers\Dataku->hapus('3')
#7 C:\xampp\htdocs\Aplikasi_CI4_Saya\vendor\codeigniter4\framework\system\CodeIgniter.php(404): CodeIgniter\CodeIgniter->runController(Object(App\Controllers\Dataku))
#8 C:\xampp\htdocs\Aplikasi_CI4_Saya\vendor\codeigniter4\framework\system\CodeIgniter.php(312): CodeIgniter\CodeIgniter->handleRequest(NULL, Object(Config\Cache), false)
#9 C:\xampp\htdocs\Aplikasi_CI4_Saya\public\index.php(45): CodeIgniter\CodeIgniter->run()
#10 C:\xampp\htdocs\Aplikasi_CI4_Saya\vendor\codeigniter4\framework\system\Commands\Server\rewrite.php(34): require_once('C:\\xampp\\htdocs...')
#11 {main}
CRITICAL - 2020-09-26 04:42:50 --> Unknown column 'id' in 'where clause'
#0 C:\xampp\htdocs\Aplikasi_CI4_Saya\vendor\codeigniter4\framework\system\Database\MySQLi\Connection.php(331): mysqli->query('DELETE FROM `ma...')
#1 C:\xampp\htdocs\Aplikasi_CI4_Saya\vendor\codeigniter4\framework\system\Database\BaseConnection.php(741): CodeIgniter\Database\MySQLi\Connection->execute('DELETE FROM `ma...')
#2 C:\xampp\htdocs\Aplikasi_CI4_Saya\vendor\codeigniter4\framework\system\Database\BaseConnection.php(669): CodeIgniter\Database\BaseConnection->simpleQuery('DELETE FROM `ma...')
#3 C:\xampp\htdocs\Aplikasi_CI4_Saya\vendor\codeigniter4\framework\system\Database\BaseBuilder.php(2853): CodeIgniter\Database\BaseConnection->query('DELETE FROM `ma...', Array, false)
#4 C:\xampp\htdocs\Aplikasi_CI4_Saya\vendor\codeigniter4\framework\system\Model.php(977): CodeIgniter\Database\BaseBuilder->delete()
#5 C:\xampp\htdocs\Aplikasi_CI4_Saya\app\Controllers\Dataku.php(165): CodeIgniter\Model->delete(Array)
#6 C:\xampp\htdocs\Aplikasi_CI4_Saya\vendor\codeigniter4\framework\system\CodeIgniter.php(918): App\Controllers\Dataku->hapus('33')
#7 C:\xampp\htdocs\Aplikasi_CI4_Saya\vendor\codeigniter4\framework\system\CodeIgniter.php(404): CodeIgniter\CodeIgniter->runController(Object(App\Controllers\Dataku))
#8 C:\xampp\htdocs\Aplikasi_CI4_Saya\vendor\codeigniter4\framework\system\CodeIgniter.php(312): CodeIgniter\CodeIgniter->handleRequest(NULL, Object(Config\Cache), false)
#9 C:\xampp\htdocs\Aplikasi_CI4_Saya\public\index.php(45): CodeIgniter\CodeIgniter->run()
#10 C:\xampp\htdocs\Aplikasi_CI4_Saya\vendor\codeigniter4\framework\system\Commands\Server\rewrite.php(34): require_once('C:\\xampp\\htdocs...')
#11 {main}
CRITICAL - 2020-09-26 04:44:22 --> Unknown column 'id' in 'where clause'
#0 C:\xampp\htdocs\Aplikasi_CI4_Saya\vendor\codeigniter4\framework\system\Database\MySQLi\Connection.php(331): mysqli->query('DELETE FROM `ma...')
#1 C:\xampp\htdocs\Aplikasi_CI4_Saya\vendor\codeigniter4\framework\system\Database\BaseConnection.php(741): CodeIgniter\Database\MySQLi\Connection->execute('DELETE FROM `ma...')
#2 C:\xampp\htdocs\Aplikasi_CI4_Saya\vendor\codeigniter4\framework\system\Database\BaseConnection.php(669): CodeIgniter\Database\BaseConnection->simpleQuery('DELETE FROM `ma...')
#3 C:\xampp\htdocs\Aplikasi_CI4_Saya\vendor\codeigniter4\framework\system\Database\BaseBuilder.php(2853): CodeIgniter\Database\BaseConnection->query('DELETE FROM `ma...', Array, false)
#4 C:\xampp\htdocs\Aplikasi_CI4_Saya\vendor\codeigniter4\framework\system\Model.php(977): CodeIgniter\Database\BaseBuilder->delete()
#5 C:\xampp\htdocs\Aplikasi_CI4_Saya\app\Controllers\Dataku.php(165): CodeIgniter\Model->delete(Array)
#6 C:\xampp\htdocs\Aplikasi_CI4_Saya\vendor\codeigniter4\framework\system\CodeIgniter.php(918): App\Controllers\Dataku->hapus('33')
#7 C:\xampp\htdocs\Aplikasi_CI4_Saya\vendor\codeigniter4\framework\system\CodeIgniter.php(404): CodeIgniter\CodeIgniter->runController(Object(App\Controllers\Dataku))
#8 C:\xampp\htdocs\Aplikasi_CI4_Saya\vendor\codeigniter4\framework\system\CodeIgniter.php(312): CodeIgniter\CodeIgniter->handleRequest(NULL, Object(Config\Cache), false)
#9 C:\xampp\htdocs\Aplikasi_CI4_Saya\public\index.php(45): CodeIgniter\CodeIgniter->run()
#10 C:\xampp\htdocs\Aplikasi_CI4_Saya\vendor\codeigniter4\framework\system\Commands\Server\rewrite.php(34): require_once('C:\\xampp\\htdocs...')
#11 {main}
CRITICAL - 2020-09-26 04:44:36 --> Unknown column 'id' in 'where clause'
#0 C:\xampp\htdocs\Aplikasi_CI4_Saya\vendor\codeigniter4\framework\system\Database\MySQLi\Connection.php(331): mysqli->query('DELETE FROM `ma...')
#1 C:\xampp\htdocs\Aplikasi_CI4_Saya\vendor\codeigniter4\framework\system\Database\BaseConnection.php(741): CodeIgniter\Database\MySQLi\Connection->execute('DELETE FROM `ma...')
#2 C:\xampp\htdocs\Aplikasi_CI4_Saya\vendor\codeigniter4\framework\system\Database\BaseConnection.php(669): CodeIgniter\Database\BaseConnection->simpleQuery('DELETE FROM `ma...')
#3 C:\xampp\htdocs\Aplikasi_CI4_Saya\vendor\codeigniter4\framework\system\Database\BaseBuilder.php(2853): CodeIgniter\Database\BaseConnection->query('DELETE FROM `ma...', Array, false)
#4 C:\xampp\htdocs\Aplikasi_CI4_Saya\vendor\codeigniter4\framework\system\Model.php(977): CodeIgniter\Database\BaseBuilder->delete()
#5 C:\xampp\htdocs\Aplikasi_CI4_Saya\app\Controllers\Dataku.php(165): CodeIgniter\Model->delete(Array)
#6 C:\xampp\htdocs\Aplikasi_CI4_Saya\vendor\codeigniter4\framework\system\CodeIgniter.php(918): App\Controllers\Dataku->hapus('33')
#7 C:\xampp\htdocs\Aplikasi_CI4_Saya\vendor\codeigniter4\framework\system\CodeIgniter.php(404): CodeIgniter\CodeIgniter->runController(Object(App\Controllers\Dataku))
#8 C:\xampp\htdocs\Aplikasi_CI4_Saya\vendor\codeigniter4\framework\system\CodeIgniter.php(312): CodeIgniter\CodeIgniter->handleRequest(NULL, Object(Config\Cache), false)
#9 C:\xampp\htdocs\Aplikasi_CI4_Saya\public\index.php(45): CodeIgniter\CodeIgniter->run()
#10 C:\xampp\htdocs\Aplikasi_CI4_Saya\vendor\codeigniter4\framework\system\Commands\Server\rewrite.php(34): require_once('C:\\xampp\\htdocs...')
#11 {main}
CRITICAL - 2020-09-26 04:49:59 --> Unknown column 'id' in 'where clause'
#0 C:\xampp\htdocs\Aplikasi_CI4_Saya\vendor\codeigniter4\framework\system\Database\MySQLi\Connection.php(331): mysqli->query('DELETE FROM `ma...')
#1 C:\xampp\htdocs\Aplikasi_CI4_Saya\vendor\codeigniter4\framework\system\Database\BaseConnection.php(741): CodeIgniter\Database\MySQLi\Connection->execute('DELETE FROM `ma...')
#2 C:\xampp\htdocs\Aplikasi_CI4_Saya\vendor\codeigniter4\framework\system\Database\BaseConnection.php(669): CodeIgniter\Database\BaseConnection->simpleQuery('DELETE FROM `ma...')
#3 C:\xampp\htdocs\Aplikasi_CI4_Saya\vendor\codeigniter4\framework\system\Database\BaseBuilder.php(2853): CodeIgniter\Database\BaseConnection->query('DELETE FROM `ma...', Array, false)
#4 C:\xampp\htdocs\Aplikasi_CI4_Saya\vendor\codeigniter4\framework\system\Model.php(977): CodeIgniter\Database\BaseBuilder->delete()
#5 C:\xampp\htdocs\Aplikasi_CI4_Saya\app\Controllers\Dataku.php(165): CodeIgniter\Model->delete(Array)
#6 C:\xampp\htdocs\Aplikasi_CI4_Saya\vendor\codeigniter4\framework\system\CodeIgniter.php(918): App\Controllers\Dataku->hapus('33')
#7 C:\xampp\htdocs\Aplikasi_CI4_Saya\vendor\codeigniter4\framework\system\CodeIgniter.php(404): CodeIgniter\CodeIgniter->runController(Object(App\Controllers\Dataku))
#8 C:\xampp\htdocs\Aplikasi_CI4_Saya\vendor\codeigniter4\framework\system\CodeIgniter.php(312): CodeIgniter\CodeIgniter->handleRequest(NULL, Object(Config\Cache), false)
#9 C:\xampp\htdocs\Aplikasi_CI4_Saya\public\index.php(45): CodeIgniter\CodeIgniter->run()
#10 C:\xampp\htdocs\Aplikasi_CI4_Saya\vendor\codeigniter4\framework\system\Commands\Server\rewrite.php(34): require_once('C:\\xampp\\htdocs...')
#11 {main}
CRITICAL - 2020-09-26 04:51:25 --> Unknown column 'id' in 'where clause'
#0 C:\xampp\htdocs\Aplikasi_CI4_Saya\vendor\codeigniter4\framework\system\Database\MySQLi\Connection.php(331): mysqli->query('DELETE FROM `ma...')
#1 C:\xampp\htdocs\Aplikasi_CI4_Saya\vendor\codeigniter4\framework\system\Database\BaseConnection.php(741): CodeIgniter\Database\MySQLi\Connection->execute('DELETE FROM `ma...')
#2 C:\xampp\htdocs\Aplikasi_CI4_Saya\vendor\codeigniter4\framework\system\Database\BaseConnection.php(669): CodeIgniter\Database\BaseConnection->simpleQuery('DELETE FROM `ma...')
#3 C:\xampp\htdocs\Aplikasi_CI4_Saya\vendor\codeigniter4\framework\system\Database\BaseBuilder.php(2853): CodeIgniter\Database\BaseConnection->query('DELETE FROM `ma...', Array, false)
#4 C:\xampp\htdocs\Aplikasi_CI4_Saya\vendor\codeigniter4\framework\system\Model.php(977): CodeIgniter\Database\BaseBuilder->delete()
#5 C:\xampp\htdocs\Aplikasi_CI4_Saya\app\Controllers\Dataku.php(165): CodeIgniter\Model->delete(Array)
#6 C:\xampp\htdocs\Aplikasi_CI4_Saya\vendor\codeigniter4\framework\system\CodeIgniter.php(918): App\Controllers\Dataku->hapus('1')
#7 C:\xampp\htdocs\Aplikasi_CI4_Saya\vendor\codeigniter4\framework\system\CodeIgniter.php(404): CodeIgniter\CodeIgniter->runController(Object(App\Controllers\Dataku))
#8 C:\xampp\htdocs\Aplikasi_CI4_Saya\vendor\codeigniter4\framework\system\CodeIgniter.php(312): CodeIgniter\CodeIgniter->handleRequest(NULL, Object(Config\Cache), false)
#9 C:\xampp\htdocs\Aplikasi_CI4_Saya\public\index.php(45): CodeIgniter\CodeIgniter->run()
#10 C:\xampp\htdocs\Aplikasi_CI4_Saya\vendor\codeigniter4\framework\system\Commands\Server\rewrite.php(34): require_once('C:\\xampp\\htdocs...')
#11 {main}
CRITICAL - 2020-09-26 04:52:38 --> Undefined index: id_mahasiswa
#0 C:\xampp\htdocs\Aplikasi_CI4_Saya\app\Views\data\index.php(60): CodeIgniter\Debug\Exceptions->errorHandler(8, 'Undefined index...', 'C:\\xampp\\htdocs...', 60, Array)
#1 C:\xampp\htdocs\Aplikasi_CI4_Saya\vendor\codeigniter4\framework\system\View\View.php(246): include('C:\\xampp\\htdocs...')
#2 C:\xampp\htdocs\Aplikasi_CI4_Saya\vendor\codeigniter4\framework\system\Common.php(1119): CodeIgniter\View\View->render('data/index', Array, true)
#3 C:\xampp\htdocs\Aplikasi_CI4_Saya\app\Controllers\Dataku.php(28): view('data/index', Array)
#4 C:\xampp\htdocs\Aplikasi_CI4_Saya\vendor\codeigniter4\framework\system\CodeIgniter.php(918): App\Controllers\Dataku->index()
#5 C:\xampp\htdocs\Aplikasi_CI4_Saya\vendor\codeigniter4\framework\system\CodeIgniter.php(404): CodeIgniter\CodeIgniter->runController(Object(App\Controllers\Dataku))
#6 C:\xampp\htdocs\Aplikasi_CI4_Saya\vendor\codeigniter4\framework\system\CodeIgniter.php(312): CodeIgniter\CodeIgniter->handleRequest(NULL, Object(Config\Cache), false)
#7 C:\xampp\htdocs\Aplikasi_CI4_Saya\public\index.php(45): CodeIgniter\CodeIgniter->run()
#8 C:\xampp\htdocs\Aplikasi_CI4_Saya\vendor\codeigniter4\framework\system\Commands\Server\rewrite.php(34): require_once('C:\\xampp\\htdocs...')
#9 {main}
CRITICAL - 2020-09-26 05:00:46 --> Column 'nik' cannot be null
#0 C:\xampp\htdocs\Aplikasi_CI4_Saya\vendor\codeigniter4\framework\system\Database\MySQLi\Connection.php(331): mysqli->query('INSERT INTO `do...')
#1 C:\xampp\htdocs\Aplikasi_CI4_Saya\vendor\codeigniter4\framework\system\Database\BaseConnection.php(741): CodeIgniter\Database\MySQLi\Connection->execute('INSERT INTO `do...')
#2 C:\xampp\htdocs\Aplikasi_CI4_Saya\vendor\codeigniter4\framework\system\Database\BaseConnection.php(669): CodeIgniter\Database\BaseConnection->simpleQuery('INSERT INTO `do...')
#3 C:\xampp\htdocs\Aplikasi_CI4_Saya\vendor\codeigniter4\framework\system\Database\BaseBuilder.php(2249): CodeIgniter\Database\BaseConnection->query('INSERT INTO `do...', Array, false)
#4 C:\xampp\htdocs\Aplikasi_CI4_Saya\vendor\codeigniter4\framework\system\Model.php(755): CodeIgniter\Database\BaseBuilder->insert()
#5 C:\xampp\htdocs\Aplikasi_CI4_Saya\vendor\codeigniter4\framework\system\Model.php(574): CodeIgniter\Model->insert(Array, false)
#6 C:\xampp\htdocs\Aplikasi_CI4_Saya\app\Controllers\Dataku.php(152): CodeIgniter\Model->save(Array)
#7 C:\xampp\htdocs\Aplikasi_CI4_Saya\vendor\codeigniter4\framework\system\CodeIgniter.php(918): App\Controllers\Dataku->simpan()
#8 C:\xampp\htdocs\Aplikasi_CI4_Saya\vendor\codeigniter4\framework\system\CodeIgniter.php(404): CodeIgniter\CodeIgniter->runController(Object(App\Controllers\Dataku))
#9 C:\xampp\htdocs\Aplikasi_CI4_Saya\vendor\codeigniter4\framework\system\CodeIgniter.php(312): CodeIgniter\CodeIgniter->handleRequest(NULL, Object(Config\Cache), false)
#10 C:\xampp\htdocs\Aplikasi_CI4_Saya\public\index.php(45): CodeIgniter\CodeIgniter->run()
#11 C:\xampp\htdocs\Aplikasi_CI4_Saya\vendor\codeigniter4\framework\system\Commands\Server\rewrite.php(34): require_once('C:\\xampp\\htdocs...')
#12 {main}
CRITICAL - 2020-09-26 05:01:10 --> Column 'nik' cannot be null
#0 C:\xampp\htdocs\Aplikasi_CI4_Saya\vendor\codeigniter4\framework\system\Database\MySQLi\Connection.php(331): mysqli->query('INSERT INTO `do...')
#1 C:\xampp\htdocs\Aplikasi_CI4_Saya\vendor\codeigniter4\framework\system\Database\BaseConnection.php(741): CodeIgniter\Database\MySQLi\Connection->execute('INSERT INTO `do...')
#2 C:\xampp\htdocs\Aplikasi_CI4_Saya\vendor\codeigniter4\framework\system\Database\BaseConnection.php(669): CodeIgniter\Database\BaseConnection->simpleQuery('INSERT INTO `do...')
#3 C:\xampp\htdocs\Aplikasi_CI4_Saya\vendor\codeigniter4\framework\system\Database\BaseBuilder.php(2249): CodeIgniter\Database\BaseConnection->query('INSERT INTO `do...', Array, false)
#4 C:\xampp\htdocs\Aplikasi_CI4_Saya\vendor\codeigniter4\framework\system\Model.php(755): CodeIgniter\Database\BaseBuilder->insert()
#5 C:\xampp\htdocs\Aplikasi_CI4_Saya\vendor\codeigniter4\framework\system\Model.php(574): CodeIgniter\Model->insert(Array, false)
#6 C:\xampp\htdocs\Aplikasi_CI4_Saya\app\Controllers\Dataku.php(152): CodeIgniter\Model->save(Array)
#7 C:\xampp\htdocs\Aplikasi_CI4_Saya\vendor\codeigniter4\framework\system\CodeIgniter.php(918): App\Controllers\Dataku->simpan()
#8 C:\xampp\htdocs\Aplikasi_CI4_Saya\vendor\codeigniter4\framework\system\CodeIgniter.php(404): CodeIgniter\CodeIgniter->runController(Object(App\Controllers\Dataku))
#9 C:\xampp\htdocs\Aplikasi_CI4_Saya\vendor\codeigniter4\framework\system\CodeIgniter.php(312): CodeIgniter\CodeIgniter->handleRequest(NULL, Object(Config\Cache), false)
#10 C:\xampp\htdocs\Aplikasi_CI4_Saya\public\index.php(45): CodeIgniter\CodeIgniter->run()
#11 C:\xampp\htdocs\Aplikasi_CI4_Saya\vendor\codeigniter4\framework\system\Commands\Server\rewrite.php(34): require_once('C:\\xampp\\htdocs...')
#12 {main}
CRITICAL - 2020-09-26 05:02:47 --> Column 'nik' cannot be null
#0 C:\xampp\htdocs\Aplikasi_CI4_Saya\vendor\codeigniter4\framework\system\Database\MySQLi\Connection.php(331): mysqli->query('INSERT INTO `do...')
#1 C:\xampp\htdocs\Aplikasi_CI4_Saya\vendor\codeigniter4\framework\system\Database\BaseConnection.php(741): CodeIgniter\Database\MySQLi\Connection->execute('INSERT INTO `do...')
#2 C:\xampp\htdocs\Aplikasi_CI4_Saya\vendor\codeigniter4\framework\system\Database\BaseConnection.php(669): CodeIgniter\Database\BaseConnection->simpleQuery('INSERT INTO `do...')
#3 C:\xampp\htdocs\Aplikasi_CI4_Saya\vendor\codeigniter4\framework\system\Database\BaseBuilder.php(2249): CodeIgniter\Database\BaseConnection->query('INSERT INTO `do...', Array, false)
#4 C:\xampp\htdocs\Aplikasi_CI4_Saya\vendor\codeigniter4\framework\system\Model.php(755): CodeIgniter\Database\BaseBuilder->insert()
#5 C:\xampp\htdocs\Aplikasi_CI4_Saya\vendor\codeigniter4\framework\system\Model.php(574): CodeIgniter\Model->insert(Array, false)
#6 C:\xampp\htdocs\Aplikasi_CI4_Saya\app\Controllers\Dataku.php(152): CodeIgniter\Model->save(Array)
#7 C:\xampp\htdocs\Aplikasi_CI4_Saya\vendor\codeigniter4\framework\system\CodeIgniter.php(918): App\Controllers\Dataku->simpan()
#8 C:\xampp\htdocs\Aplikasi_CI4_Saya\vendor\codeigniter4\framework\system\CodeIgniter.php(404): CodeIgniter\CodeIgniter->runController(Object(App\Controllers\Dataku))
#9 C:\xampp\htdocs\Aplikasi_CI4_Saya\vendor\codeigniter4\framework\system\CodeIgniter.php(312): CodeIgniter\CodeIgniter->handleRequest(NULL, Object(Config\Cache), false)
#10 C:\xampp\htdocs\Aplikasi_CI4_Saya\public\index.php(45): CodeIgniter\CodeIgniter->run()
#11 C:\xampp\htdocs\Aplikasi_CI4_Saya\vendor\codeigniter4\framework\system\Commands\Server\rewrite.php(34): require_once('C:\\xampp\\htdocs...')
#12 {main}
CRITICAL - 2020-09-26 05:02:50 --> Column 'nik' cannot be null
#0 C:\xampp\htdocs\Aplikasi_CI4_Saya\vendor\codeigniter4\framework\system\Database\MySQLi\Connection.php(331): mysqli->query('INSERT INTO `do...')
#1 C:\xampp\htdocs\Aplikasi_CI4_Saya\vendor\codeigniter4\framework\system\Database\BaseConnection.php(741): CodeIgniter\Database\MySQLi\Connection->execute('INSERT INTO `do...')
#2 C:\xampp\htdocs\Aplikasi_CI4_Saya\vendor\codeigniter4\framework\system\Database\BaseConnection.php(669): CodeIgniter\Database\BaseConnection->simpleQuery('INSERT INTO `do...')
#3 C:\xampp\htdocs\Aplikasi_CI4_Saya\vendor\codeigniter4\framework\system\Database\BaseBuilder.php(2249): CodeIgniter\Database\BaseConnection->query('INSERT INTO `do...', Array, false)
#4 C:\xampp\htdocs\Aplikasi_CI4_Saya\vendor\codeigniter4\framework\system\Model.php(755): CodeIgniter\Database\BaseBuilder->insert()
#5 C:\xampp\htdocs\Aplikasi_CI4_Saya\vendor\codeigniter4\framework\system\Model.php(574): CodeIgniter\Model->insert(Array, false)
#6 C:\xampp\htdocs\Aplikasi_CI4_Saya\app\Controllers\Dataku.php(152): CodeIgniter\Model->save(Array)
#7 C:\xampp\htdocs\Aplikasi_CI4_Saya\vendor\codeigniter4\framework\system\CodeIgniter.php(918): App\Controllers\Dataku->simpan()
#8 C:\xampp\htdocs\Aplikasi_CI4_Saya\vendor\codeigniter4\framework\system\CodeIgniter.php(404): CodeIgniter\CodeIgniter->runController(Object(App\Controllers\Dataku))
#9 C:\xampp\htdocs\Aplikasi_CI4_Saya\vendor\codeigniter4\framework\system\CodeIgniter.php(312): CodeIgniter\CodeIgniter->handleRequest(NULL, Object(Config\Cache), false)
#10 C:\xampp\htdocs\Aplikasi_CI4_Saya\public\index.php(45): CodeIgniter\CodeIgniter->run()
#11 C:\xampp\htdocs\Aplikasi_CI4_Saya\vendor\codeigniter4\framework\system\Commands\Server\rewrite.php(34): require_once('C:\\xampp\\htdocs...')
#12 {main}
CRITICAL - 2020-09-26 05:06:13 --> Undefined index: id_mahasiswa
#0 C:\xampp\htdocs\Aplikasi_CI4_Saya\app\Views\data\index.php(60): CodeIgniter\Debug\Exceptions->errorHandler(8, 'Undefined index...', 'C:\\xampp\\htdocs...', 60, Array)
#1 C:\xampp\htdocs\Aplikasi_CI4_Saya\vendor\codeigniter4\framework\system\View\View.php(246): include('C:\\xampp\\htdocs...')
#2 C:\xampp\htdocs\Aplikasi_CI4_Saya\vendor\codeigniter4\framework\system\Common.php(1119): CodeIgniter\View\View->render('data/index', Array, true)
#3 C:\xampp\htdocs\Aplikasi_CI4_Saya\app\Controllers\Dataku.php(28): view('data/index', Array)
#4 C:\xampp\htdocs\Aplikasi_CI4_Saya\vendor\codeigniter4\framework\system\CodeIgniter.php(918): App\Controllers\Dataku->index()
#5 C:\xampp\htdocs\Aplikasi_CI4_Saya\vendor\codeigniter4\framework\system\CodeIgniter.php(404): CodeIgniter\CodeIgniter->runController(Object(App\Controllers\Dataku))
#6 C:\xampp\htdocs\Aplikasi_CI4_Saya\vendor\codeigniter4\framework\system\CodeIgniter.php(312): CodeIgniter\CodeIgniter->handleRequest(NULL, Object(Config\Cache), false)
#7 C:\xampp\htdocs\Aplikasi_CI4_Saya\public\index.php(45): CodeIgniter\CodeIgniter->run()
#8 C:\xampp\htdocs\Aplikasi_CI4_Saya\vendor\codeigniter4\framework\system\Commands\Server\rewrite.php(34): require_once('C:\\xampp\\htdocs...')
#9 {main}
CRITICAL - 2020-09-26 05:07:06 --> Unknown column 'id' in 'where clause'
#0 C:\xampp\htdocs\Aplikasi_CI4_Saya\vendor\codeigniter4\framework\system\Database\MySQLi\Connection.php(331): mysqli->query('DELETE FROM `ma...')
#1 C:\xampp\htdocs\Aplikasi_CI4_Saya\vendor\codeigniter4\framework\system\Database\BaseConnection.php(741): CodeIgniter\Database\MySQLi\Connection->execute('DELETE FROM `ma...')
#2 C:\xampp\htdocs\Aplikasi_CI4_Saya\vendor\codeigniter4\framework\system\Database\BaseConnection.php(669): CodeIgniter\Database\BaseConnection->simpleQuery('DELETE FROM `ma...')
#3 C:\xampp\htdocs\Aplikasi_CI4_Saya\vendor\codeigniter4\framework\system\Database\BaseBuilder.php(2853): CodeIgniter\Database\BaseConnection->query('DELETE FROM `ma...', Array, false)
#4 C:\xampp\htdocs\Aplikasi_CI4_Saya\vendor\codeigniter4\framework\system\Model.php(977): CodeIgniter\Database\BaseBuilder->delete()
#5 C:\xampp\htdocs\Aplikasi_CI4_Saya\app\Controllers\Dataku.php(165): CodeIgniter\Model->delete(Array)
#6 C:\xampp\htdocs\Aplikasi_CI4_Saya\vendor\codeigniter4\framework\system\CodeIgniter.php(918): App\Controllers\Dataku->hapus('4')
#7 C:\xampp\htdocs\Aplikasi_CI4_Saya\vendor\codeigniter4\framework\system\CodeIgniter.php(404): CodeIgniter\CodeIgniter->runController(Object(App\Controllers\Dataku))
#8 C:\xampp\htdocs\Aplikasi_CI4_Saya\vendor\codeigniter4\framework\system\CodeIgniter.php(312): CodeIgniter\CodeIgniter->handleRequest(NULL, Object(Config\Cache), false)
#9 C:\xampp\htdocs\Aplikasi_CI4_Saya\public\index.php(45): CodeIgniter\CodeIgniter->run()
#10 C:\xampp\htdocs\Aplikasi_CI4_Saya\vendor\codeigniter4\framework\system\Commands\Server\rewrite.php(34): require_once('C:\\xampp\\htdocs...')
#11 {main}
CRITICAL - 2020-09-26 05:09:50 --> Column 'nik' cannot be null
#0 C:\xampp\htdocs\Aplikasi_CI4_Saya\vendor\codeigniter4\framework\system\Database\MySQLi\Connection.php(331): mysqli->query('INSERT INTO `do...')
#1 C:\xampp\htdocs\Aplikasi_CI4_Saya\vendor\codeigniter4\framework\system\Database\BaseConnection.php(741): CodeIgniter\Database\MySQLi\Connection->execute('INSERT INTO `do...')
#2 C:\xampp\htdocs\Aplikasi_CI4_Saya\vendor\codeigniter4\framework\system\Database\BaseConnection.php(669): CodeIgniter\Database\BaseConnection->simpleQuery('INSERT INTO `do...')
#3 C:\xampp\htdocs\Aplikasi_CI4_Saya\vendor\codeigniter4\framework\system\Database\BaseBuilder.php(2249): CodeIgniter\Database\BaseConnection->query('INSERT INTO `do...', Array, false)
#4 C:\xampp\htdocs\Aplikasi_CI4_Saya\vendor\codeigniter4\framework\system\Model.php(755): CodeIgniter\Database\BaseBuilder->insert()
#5 C:\xampp\htdocs\Aplikasi_CI4_Saya\vendor\codeigniter4\framework\system\Model.php(574): CodeIgniter\Model->insert(Array, false)
#6 C:\xampp\htdocs\Aplikasi_CI4_Saya\app\Controllers\Dataku.php(152): CodeIgniter\Model->save(Array)
#7 C:\xampp\htdocs\Aplikasi_CI4_Saya\vendor\codeigniter4\framework\system\CodeIgniter.php(918): App\Controllers\Dataku->simpan()
#8 C:\xampp\htdocs\Aplikasi_CI4_Saya\vendor\codeigniter4\framework\system\CodeIgniter.php(404): CodeIgniter\CodeIgniter->runController(Object(App\Controllers\Dataku))
#9 C:\xampp\htdocs\Aplikasi_CI4_Saya\vendor\codeigniter4\framework\system\CodeIgniter.php(312): CodeIgniter\CodeIgniter->handleRequest(NULL, Object(Config\Cache), false)
#10 C:\xampp\htdocs\Aplikasi_CI4_Saya\public\index.php(45): CodeIgniter\CodeIgniter->run()
#11 C:\xampp\htdocs\Aplikasi_CI4_Saya\vendor\codeigniter4\framework\system\Commands\Server\rewrite.php(34): require_once('C:\\xampp\\htdocs...')
#12 {main}
