CRITICAL - 2020-10-25 08:42:40 --> Not unique table/alias: 'mahasiswa'
#0 C:\xampp\htdocs\Aplikasi_CI4_Saya\vendor\codeigniter4\framework\system\Database\MySQLi\Connection.php(331): mysqli->query('SELECT `mahasis...')
#1 C:\xampp\htdocs\Aplikasi_CI4_Saya\vendor\codeigniter4\framework\system\Database\BaseConnection.php(741): CodeIgniter\Database\MySQLi\Connection->execute('SELECT `mahasis...')
#2 C:\xampp\htdocs\Aplikasi_CI4_Saya\vendor\codeigniter4\framework\system\Database\BaseConnection.php(669): CodeIgniter\Database\BaseConnection->simpleQuery('SELECT `mahasis...')
#3 C:\xampp\htdocs\Aplikasi_CI4_Saya\vendor\codeigniter4\framework\system\Database\BaseBuilder.php(1860): CodeIgniter\Database\BaseConnection->query('SELECT `mahasis...', Array, false)
#4 C:\xampp\htdocs\Aplikasi_CI4_Saya\app\Models\MahasiswaModel.php(24): CodeIgniter\Database\BaseBuilder->get()
#5 C:\xampp\htdocs\Aplikasi_CI4_Saya\app\Controllers\Login.php(91): App\Models\MahasiswaModel->gabungTabelSpesifik('Hartono')
#6 C:\xampp\htdocs\Aplikasi_CI4_Saya\vendor\codeigniter4\framework\system\CodeIgniter.php(918): App\Controllers\Login->auth()
#7 C:\xampp\htdocs\Aplikasi_CI4_Saya\vendor\codeigniter4\framework\system\CodeIgniter.php(404): CodeIgniter\CodeIgniter->runController(Object(App\Controllers\Login))
#8 C:\xampp\htdocs\Aplikasi_CI4_Saya\vendor\codeigniter4\framework\system\CodeIgniter.php(312): CodeIgniter\CodeIgniter->handleRequest(NULL, Object(Config\Cache), false)
#9 C:\xampp\htdocs\Aplikasi_CI4_Saya\public\index.php(45): CodeIgniter\CodeIgniter->run()
#10 C:\xampp\htdocs\Aplikasi_CI4_Saya\vendor\codeigniter4\framework\system\Commands\Server\rewrite.php(34): require_once('C:\\xampp\\htdocs...')
#11 {main}
CRITICAL - 2020-10-25 08:43:22 --> Not unique table/alias: 'mahasiswa'
#0 C:\xampp\htdocs\Aplikasi_CI4_Saya\vendor\codeigniter4\framework\system\Database\MySQLi\Connection.php(331): mysqli->query('SELECT `mahasis...')
#1 C:\xampp\htdocs\Aplikasi_CI4_Saya\vendor\codeigniter4\framework\system\Database\BaseConnection.php(741): CodeIgniter\Database\MySQLi\Connection->execute('SELECT `mahasis...')
#2 C:\xampp\htdocs\Aplikasi_CI4_Saya\vendor\codeigniter4\framework\system\Database\BaseConnection.php(669): CodeIgniter\Database\BaseConnection->simpleQuery('SELECT `mahasis...')
#3 C:\xampp\htdocs\Aplikasi_CI4_Saya\vendor\codeigniter4\framework\system\Database\BaseBuilder.php(1860): CodeIgniter\Database\BaseConnection->query('SELECT `mahasis...', Array, false)
#4 C:\xampp\htdocs\Aplikasi_CI4_Saya\app\Models\MahasiswaModel.php(24): CodeIgniter\Database\BaseBuilder->get()
#5 C:\xampp\htdocs\Aplikasi_CI4_Saya\app\Controllers\Login.php(91): App\Models\MahasiswaModel->gabungTabelSpesifik('Hartono')
#6 C:\xampp\htdocs\Aplikasi_CI4_Saya\vendor\codeigniter4\framework\system\CodeIgniter.php(918): App\Controllers\Login->auth()
#7 C:\xampp\htdocs\Aplikasi_CI4_Saya\vendor\codeigniter4\framework\system\CodeIgniter.php(404): CodeIgniter\CodeIgniter->runController(Object(App\Controllers\Login))
#8 C:\xampp\htdocs\Aplikasi_CI4_Saya\vendor\codeigniter4\framework\system\CodeIgniter.php(312): CodeIgniter\CodeIgniter->handleRequest(NULL, Object(Config\Cache), false)
#9 C:\xampp\htdocs\Aplikasi_CI4_Saya\public\index.php(45): CodeIgniter\CodeIgniter->run()
#10 C:\xampp\htdocs\Aplikasi_CI4_Saya\vendor\codeigniter4\framework\system\Commands\Server\rewrite.php(34): require_once('C:\\xampp\\htdocs...')
#11 {main}
CRITICAL - 2020-10-25 08:44:16 --> Not unique table/alias: 'mahasiswa'
#0 C:\xampp\htdocs\Aplikasi_CI4_Saya\vendor\codeigniter4\framework\system\Database\MySQLi\Connection.php(331): mysqli->query('SELECT `mahasis...')
#1 C:\xampp\htdocs\Aplikasi_CI4_Saya\vendor\codeigniter4\framework\system\Database\BaseConnection.php(741): CodeIgniter\Database\MySQLi\Connection->execute('SELECT `mahasis...')
#2 C:\xampp\htdocs\Aplikasi_CI4_Saya\vendor\codeigniter4\framework\system\Database\BaseConnection.php(669): CodeIgniter\Database\BaseConnection->simpleQuery('SELECT `mahasis...')
#3 C:\xampp\htdocs\Aplikasi_CI4_Saya\vendor\codeigniter4\framework\system\Database\BaseBuilder.php(1860): CodeIgniter\Database\BaseConnection->query('SELECT `mahasis...', Array, false)
#4 C:\xampp\htdocs\Aplikasi_CI4_Saya\app\Models\MahasiswaModel.php(24): CodeIgniter\Database\BaseBuilder->get()
#5 C:\xampp\htdocs\Aplikasi_CI4_Saya\app\Controllers\Login.php(91): App\Models\MahasiswaModel->gabungTabelSpesifik('Hartono')
#6 C:\xampp\htdocs\Aplikasi_CI4_Saya\vendor\codeigniter4\framework\system\CodeIgniter.php(918): App\Controllers\Login->auth()
#7 C:\xampp\htdocs\Aplikasi_CI4_Saya\vendor\codeigniter4\framework\system\CodeIgniter.php(404): CodeIgniter\CodeIgniter->runController(Object(App\Controllers\Login))
#8 C:\xampp\htdocs\Aplikasi_CI4_Saya\vendor\codeigniter4\framework\system\CodeIgniter.php(312): CodeIgniter\CodeIgniter->handleRequest(NULL, Object(Config\Cache), false)
#9 C:\xampp\htdocs\Aplikasi_CI4_Saya\public\index.php(45): CodeIgniter\CodeIgniter->run()
#10 C:\xampp\htdocs\Aplikasi_CI4_Saya\vendor\codeigniter4\framework\system\Commands\Server\rewrite.php(34): require_once('C:\\xampp\\htdocs...')
#11 {main}
CRITICAL - 2020-10-25 08:45:36 --> Unknown column 'mahsiswa.nama' in 'where clause'
#0 C:\xampp\htdocs\Aplikasi_CI4_Saya\vendor\codeigniter4\framework\system\Database\MySQLi\Connection.php(331): mysqli->query('SELECT `mahasis...')
#1 C:\xampp\htdocs\Aplikasi_CI4_Saya\vendor\codeigniter4\framework\system\Database\BaseConnection.php(741): CodeIgniter\Database\MySQLi\Connection->execute('SELECT `mahasis...')
#2 C:\xampp\htdocs\Aplikasi_CI4_Saya\vendor\codeigniter4\framework\system\Database\BaseConnection.php(669): CodeIgniter\Database\BaseConnection->simpleQuery('SELECT `mahasis...')
#3 C:\xampp\htdocs\Aplikasi_CI4_Saya\vendor\codeigniter4\framework\system\Database\BaseBuilder.php(1860): CodeIgniter\Database\BaseConnection->query('SELECT `mahasis...', Array, false)
#4 C:\xampp\htdocs\Aplikasi_CI4_Saya\app\Models\MahasiswaModel.php(24): CodeIgniter\Database\BaseBuilder->get()
#5 C:\xampp\htdocs\Aplikasi_CI4_Saya\app\Controllers\Login.php(91): App\Models\MahasiswaModel->gabungTabelSpesifik('Hartono')
#6 C:\xampp\htdocs\Aplikasi_CI4_Saya\vendor\codeigniter4\framework\system\CodeIgniter.php(918): App\Controllers\Login->auth()
#7 C:\xampp\htdocs\Aplikasi_CI4_Saya\vendor\codeigniter4\framework\system\CodeIgniter.php(404): CodeIgniter\CodeIgniter->runController(Object(App\Controllers\Login))
#8 C:\xampp\htdocs\Aplikasi_CI4_Saya\vendor\codeigniter4\framework\system\CodeIgniter.php(312): CodeIgniter\CodeIgniter->handleRequest(NULL, Object(Config\Cache), false)
#9 C:\xampp\htdocs\Aplikasi_CI4_Saya\public\index.php(45): CodeIgniter\CodeIgniter->run()
#10 C:\xampp\htdocs\Aplikasi_CI4_Saya\vendor\codeigniter4\framework\system\Commands\Server\rewrite.php(34): require_once('C:\\xampp\\htdocs...')
#11 {main}
CRITICAL - 2020-10-25 08:45:51 --> Not unique table/alias: 'mahasiswa'
#0 C:\xampp\htdocs\Aplikasi_CI4_Saya\vendor\codeigniter4\framework\system\Database\MySQLi\Connection.php(331): mysqli->query('SELECT `mahasis...')
#1 C:\xampp\htdocs\Aplikasi_CI4_Saya\vendor\codeigniter4\framework\system\Database\BaseConnection.php(741): CodeIgniter\Database\MySQLi\Connection->execute('SELECT `mahasis...')
#2 C:\xampp\htdocs\Aplikasi_CI4_Saya\vendor\codeigniter4\framework\system\Database\BaseConnection.php(669): CodeIgniter\Database\BaseConnection->simpleQuery('SELECT `mahasis...')
#3 C:\xampp\htdocs\Aplikasi_CI4_Saya\vendor\codeigniter4\framework\system\Database\BaseBuilder.php(1860): CodeIgniter\Database\BaseConnection->query('SELECT `mahasis...', Array, false)
#4 C:\xampp\htdocs\Aplikasi_CI4_Saya\app\Models\MahasiswaModel.php(24): CodeIgniter\Database\BaseBuilder->get()
#5 C:\xampp\htdocs\Aplikasi_CI4_Saya\app\Controllers\Login.php(91): App\Models\MahasiswaModel->gabungTabelSpesifik('Hartono')
#6 C:\xampp\htdocs\Aplikasi_CI4_Saya\vendor\codeigniter4\framework\system\CodeIgniter.php(918): App\Controllers\Login->auth()
#7 C:\xampp\htdocs\Aplikasi_CI4_Saya\vendor\codeigniter4\framework\system\CodeIgniter.php(404): CodeIgniter\CodeIgniter->runController(Object(App\Controllers\Login))
#8 C:\xampp\htdocs\Aplikasi_CI4_Saya\vendor\codeigniter4\framework\system\CodeIgniter.php(312): CodeIgniter\CodeIgniter->handleRequest(NULL, Object(Config\Cache), false)
#9 C:\xampp\htdocs\Aplikasi_CI4_Saya\public\index.php(45): CodeIgniter\CodeIgniter->run()
#10 C:\xampp\htdocs\Aplikasi_CI4_Saya\vendor\codeigniter4\framework\system\Commands\Server\rewrite.php(34): require_once('C:\\xampp\\htdocs...')
#11 {main}
CRITICAL - 2020-10-25 08:46:00 --> Array to string conversion
#0 C:\xampp\htdocs\Aplikasi_CI4_Saya\app\Views\utama\index.php(23): CodeIgniter\Debug\Exceptions->errorHandler(8, 'Array to string...', 'C:\\xampp\\htdocs...', 23, Array)
#1 C:\xampp\htdocs\Aplikasi_CI4_Saya\vendor\codeigniter4\framework\system\View\View.php(246): include('C:\\xampp\\htdocs...')
#2 C:\xampp\htdocs\Aplikasi_CI4_Saya\vendor\codeigniter4\framework\system\Common.php(1119): CodeIgniter\View\View->render('utama/index', Array, true)
#3 C:\xampp\htdocs\Aplikasi_CI4_Saya\app\Controllers\Utama.php(24): view('utama/index', Array)
#4 C:\xampp\htdocs\Aplikasi_CI4_Saya\vendor\codeigniter4\framework\system\CodeIgniter.php(918): App\Controllers\Utama->index()
#5 C:\xampp\htdocs\Aplikasi_CI4_Saya\vendor\codeigniter4\framework\system\CodeIgniter.php(404): CodeIgniter\CodeIgniter->runController(Object(App\Controllers\Utama))
#6 C:\xampp\htdocs\Aplikasi_CI4_Saya\vendor\codeigniter4\framework\system\CodeIgniter.php(312): CodeIgniter\CodeIgniter->handleRequest(NULL, Object(Config\Cache), false)
#7 C:\xampp\htdocs\Aplikasi_CI4_Saya\public\index.php(45): CodeIgniter\CodeIgniter->run()
#8 C:\xampp\htdocs\Aplikasi_CI4_Saya\vendor\codeigniter4\framework\system\Commands\Server\rewrite.php(34): require_once('C:\\xampp\\htdocs...')
#9 {main}
CRITICAL - 2020-10-25 08:54:39 --> Invalid argument supplied for foreach()
#0 C:\xampp\htdocs\Aplikasi_CI4_Saya\app\Views\data\indexmhs.php(60): CodeIgniter\Debug\Exceptions->errorHandler(2, 'Invalid argumen...', 'C:\\xampp\\htdocs...', 60, Array)
#1 C:\xampp\htdocs\Aplikasi_CI4_Saya\vendor\codeigniter4\framework\system\View\View.php(246): include('C:\\xampp\\htdocs...')
#2 C:\xampp\htdocs\Aplikasi_CI4_Saya\vendor\codeigniter4\framework\system\Common.php(1119): CodeIgniter\View\View->render('data/indexmhs', Array, true)
#3 C:\xampp\htdocs\Aplikasi_CI4_Saya\app\Controllers\Dataku.php(53): view('data/indexmhs', Array)
#4 C:\xampp\htdocs\Aplikasi_CI4_Saya\vendor\codeigniter4\framework\system\CodeIgniter.php(918): App\Controllers\Dataku->indexMahasiswa()
#5 C:\xampp\htdocs\Aplikasi_CI4_Saya\vendor\codeigniter4\framework\system\CodeIgniter.php(404): CodeIgniter\CodeIgniter->runController(Object(App\Controllers\Dataku))
#6 C:\xampp\htdocs\Aplikasi_CI4_Saya\vendor\codeigniter4\framework\system\CodeIgniter.php(312): CodeIgniter\CodeIgniter->handleRequest(NULL, Object(Config\Cache), false)
#7 C:\xampp\htdocs\Aplikasi_CI4_Saya\public\index.php(45): CodeIgniter\CodeIgniter->run()
#8 C:\xampp\htdocs\Aplikasi_CI4_Saya\vendor\codeigniter4\framework\system\Commands\Server\rewrite.php(34): require_once('C:\\xampp\\htdocs...')
#9 {main}
CRITICAL - 2020-10-25 08:57:54 --> Undefined variable: level
#0 C:\xampp\htdocs\Aplikasi_CI4_Saya\app\Views\data\indexmhs.php(59): CodeIgniter\Debug\Exceptions->errorHandler(8, 'Undefined varia...', 'C:\\xampp\\htdocs...', 59, Array)
#1 C:\xampp\htdocs\Aplikasi_CI4_Saya\vendor\codeigniter4\framework\system\View\View.php(246): include('C:\\xampp\\htdocs...')
#2 C:\xampp\htdocs\Aplikasi_CI4_Saya\vendor\codeigniter4\framework\system\Common.php(1119): CodeIgniter\View\View->render('data/indexmhs', Array, true)
#3 C:\xampp\htdocs\Aplikasi_CI4_Saya\app\Controllers\Dataku.php(53): view('data/indexmhs', Array)
#4 C:\xampp\htdocs\Aplikasi_CI4_Saya\vendor\codeigniter4\framework\system\CodeIgniter.php(918): App\Controllers\Dataku->indexMahasiswa()
#5 C:\xampp\htdocs\Aplikasi_CI4_Saya\vendor\codeigniter4\framework\system\CodeIgniter.php(404): CodeIgniter\CodeIgniter->runController(Object(App\Controllers\Dataku))
#6 C:\xampp\htdocs\Aplikasi_CI4_Saya\vendor\codeigniter4\framework\system\CodeIgniter.php(312): CodeIgniter\CodeIgniter->handleRequest(NULL, Object(Config\Cache), false)
#7 C:\xampp\htdocs\Aplikasi_CI4_Saya\public\index.php(45): CodeIgniter\CodeIgniter->run()
#8 C:\xampp\htdocs\Aplikasi_CI4_Saya\vendor\codeigniter4\framework\system\Commands\Server\rewrite.php(34): require_once('C:\\xampp\\htdocs...')
#9 {main}
