CRITICAL - 2020-10-28 02:48:50 --> syntax error, unexpected '$routes' (T_VARIABLE)
#0 C:\xampp\htdocs\Aplikasi_CI4_Saya\vendor\codeigniter4\framework\system\CodeIgniter.php(364): CodeIgniter\CodeIgniter->tryToRouteIt(NULL)
#1 C:\xampp\htdocs\Aplikasi_CI4_Saya\vendor\codeigniter4\framework\system\CodeIgniter.php(312): CodeIgniter\CodeIgniter->handleRequest(NULL, Object(Config\Cache), false)
#2 C:\xampp\htdocs\Aplikasi_CI4_Saya\public\index.php(45): CodeIgniter\CodeIgniter->run()
#3 C:\xampp\htdocs\Aplikasi_CI4_Saya\vendor\codeigniter4\framework\system\Commands\Server\rewrite.php(34): require_once('C:\\xampp\\htdocs...')
#4 {main}
CRITICAL - 2020-10-28 02:49:30 --> syntax error, unexpected '$routes' (T_VARIABLE)
#0 C:\xampp\htdocs\Aplikasi_CI4_Saya\vendor\codeigniter4\framework\system\CodeIgniter.php(364): CodeIgniter\CodeIgniter->tryToRouteIt(NULL)
#1 C:\xampp\htdocs\Aplikasi_CI4_Saya\vendor\codeigniter4\framework\system\CodeIgniter.php(312): CodeIgniter\CodeIgniter->handleRequest(NULL, Object(Config\Cache), false)
#2 C:\xampp\htdocs\Aplikasi_CI4_Saya\public\index.php(45): CodeIgniter\CodeIgniter->run()
#3 C:\xampp\htdocs\Aplikasi_CI4_Saya\vendor\codeigniter4\framework\system\Commands\Server\rewrite.php(34): require_once('C:\\xampp\\htdocs...')
#4 {main}
CRITICAL - 2020-10-28 02:49:32 --> syntax error, unexpected '$routes' (T_VARIABLE)
#0 C:\xampp\htdocs\Aplikasi_CI4_Saya\vendor\codeigniter4\framework\system\CodeIgniter.php(364): CodeIgniter\CodeIgniter->tryToRouteIt(NULL)
#1 C:\xampp\htdocs\Aplikasi_CI4_Saya\vendor\codeigniter4\framework\system\CodeIgniter.php(312): CodeIgniter\CodeIgniter->handleRequest(NULL, Object(Config\Cache), false)
#2 C:\xampp\htdocs\Aplikasi_CI4_Saya\public\index.php(45): CodeIgniter\CodeIgniter->run()
#3 C:\xampp\htdocs\Aplikasi_CI4_Saya\vendor\codeigniter4\framework\system\Commands\Server\rewrite.php(34): require_once('C:\\xampp\\htdocs...')
#4 {main}
CRITICAL - 2020-10-28 09:35:48 --> Undefined variable: validasiRegistrasi
#0 C:\xampp\htdocs\Aplikasi_CI4_Saya\app\Views\data\halamanPengajuan.php(17): CodeIgniter\Debug\Exceptions->errorHandler(8, 'Undefined varia...', 'C:\\xampp\\htdocs...', 17, Array)
#1 C:\xampp\htdocs\Aplikasi_CI4_Saya\vendor\codeigniter4\framework\system\View\View.php(246): include('C:\\xampp\\htdocs...')
#2 C:\xampp\htdocs\Aplikasi_CI4_Saya\vendor\codeigniter4\framework\system\Common.php(1119): CodeIgniter\View\View->render('data/halamanPen...', Array, true)
#3 C:\xampp\htdocs\Aplikasi_CI4_Saya\app\Controllers\Dataku.php(67): view('data/halamanPen...', Array)
#4 C:\xampp\htdocs\Aplikasi_CI4_Saya\vendor\codeigniter4\framework\system\CodeIgniter.php(918): App\Controllers\Dataku->pengajuan('51')
#5 C:\xampp\htdocs\Aplikasi_CI4_Saya\vendor\codeigniter4\framework\system\CodeIgniter.php(404): CodeIgniter\CodeIgniter->runController(Object(App\Controllers\Dataku))
#6 C:\xampp\htdocs\Aplikasi_CI4_Saya\vendor\codeigniter4\framework\system\CodeIgniter.php(312): CodeIgniter\CodeIgniter->handleRequest(NULL, Object(Config\Cache), false)
#7 C:\xampp\htdocs\Aplikasi_CI4_Saya\public\index.php(45): CodeIgniter\CodeIgniter->run()
#8 C:\xampp\htdocs\Aplikasi_CI4_Saya\vendor\codeigniter4\framework\system\Commands\Server\rewrite.php(34): require_once('C:\\xampp\\htdocs...')
#9 {main}
CRITICAL - 2020-10-28 09:38:41 --> Undefined variable: validasiRegistrasi
#0 C:\xampp\htdocs\Aplikasi_CI4_Saya\app\Views\data\halamanPengajuan.php(15): CodeIgniter\Debug\Exceptions->errorHandler(8, 'Undefined varia...', 'C:\\xampp\\htdocs...', 15, Array)
#1 C:\xampp\htdocs\Aplikasi_CI4_Saya\vendor\codeigniter4\framework\system\View\View.php(246): include('C:\\xampp\\htdocs...')
#2 C:\xampp\htdocs\Aplikasi_CI4_Saya\vendor\codeigniter4\framework\system\Common.php(1119): CodeIgniter\View\View->render('data/halamanPen...', Array, true)
#3 C:\xampp\htdocs\Aplikasi_CI4_Saya\app\Controllers\Dataku.php(67): view('data/halamanPen...', Array)
#4 C:\xampp\htdocs\Aplikasi_CI4_Saya\vendor\codeigniter4\framework\system\CodeIgniter.php(918): App\Controllers\Dataku->pengajuan('51')
#5 C:\xampp\htdocs\Aplikasi_CI4_Saya\vendor\codeigniter4\framework\system\CodeIgniter.php(404): CodeIgniter\CodeIgniter->runController(Object(App\Controllers\Dataku))
#6 C:\xampp\htdocs\Aplikasi_CI4_Saya\vendor\codeigniter4\framework\system\CodeIgniter.php(312): CodeIgniter\CodeIgniter->handleRequest(NULL, Object(Config\Cache), false)
#7 C:\xampp\htdocs\Aplikasi_CI4_Saya\public\index.php(45): CodeIgniter\CodeIgniter->run()
#8 C:\xampp\htdocs\Aplikasi_CI4_Saya\vendor\codeigniter4\framework\system\Commands\Server\rewrite.php(34): require_once('C:\\xampp\\htdocs...')
#9 {main}
CRITICAL - 2020-10-28 10:26:24 --> Unknown column 'judul' in 'field list'
#0 C:\xampp\htdocs\Aplikasi_CI4_Saya\vendor\codeigniter4\framework\system\Database\MySQLi\Connection.php(331): mysqli->query('SELECT `judul`\n...')
#1 C:\xampp\htdocs\Aplikasi_CI4_Saya\vendor\codeigniter4\framework\system\Database\BaseConnection.php(741): CodeIgniter\Database\MySQLi\Connection->execute('SELECT `judul`\n...')
#2 C:\xampp\htdocs\Aplikasi_CI4_Saya\vendor\codeigniter4\framework\system\Database\BaseConnection.php(669): CodeIgniter\Database\BaseConnection->simpleQuery('SELECT `judul`\n...')
#3 C:\xampp\htdocs\Aplikasi_CI4_Saya\vendor\codeigniter4\framework\system\Database\BaseBuilder.php(1860): CodeIgniter\Database\BaseConnection->query('SELECT `judul`\n...', Array, false)
#4 C:\xampp\htdocs\Aplikasi_CI4_Saya\vendor\codeigniter4\framework\system\Model.php(404): CodeIgniter\Database\BaseBuilder->get()
#5 C:\xampp\htdocs\Aplikasi_CI4_Saya\vendor\codeigniter4\framework\system\Model.php(436): CodeIgniter\Model->find()
#6 C:\xampp\htdocs\Aplikasi_CI4_Saya\app\Controllers\Dataku.php(66): CodeIgniter\Model->findColumn('judul')
#7 C:\xampp\htdocs\Aplikasi_CI4_Saya\vendor\codeigniter4\framework\system\CodeIgniter.php(918): App\Controllers\Dataku->pengajuan('51')
#8 C:\xampp\htdocs\Aplikasi_CI4_Saya\vendor\codeigniter4\framework\system\CodeIgniter.php(404): CodeIgniter\CodeIgniter->runController(Object(App\Controllers\Dataku))
#9 C:\xampp\htdocs\Aplikasi_CI4_Saya\vendor\codeigniter4\framework\system\CodeIgniter.php(312): CodeIgniter\CodeIgniter->handleRequest(NULL, Object(Config\Cache), false)
#10 C:\xampp\htdocs\Aplikasi_CI4_Saya\public\index.php(45): CodeIgniter\CodeIgniter->run()
#11 C:\xampp\htdocs\Aplikasi_CI4_Saya\vendor\codeigniter4\framework\system\Commands\Server\rewrite.php(34): require_once('C:\\xampp\\htdocs...')
#12 {main}
CRITICAL - 2020-10-28 10:27:04 --> Array to string conversion
#0 C:\xampp\htdocs\Aplikasi_CI4_Saya\app\Views\data\halamanPengajuan.php(15): CodeIgniter\Debug\Exceptions->errorHandler(8, 'Array to string...', 'C:\\xampp\\htdocs...', 15, Array)
#1 C:\xampp\htdocs\Aplikasi_CI4_Saya\vendor\codeigniter4\framework\system\View\View.php(246): include('C:\\xampp\\htdocs...')
#2 C:\xampp\htdocs\Aplikasi_CI4_Saya\vendor\codeigniter4\framework\system\Common.php(1119): CodeIgniter\View\View->render('data/halamanPen...', Array, true)
#3 C:\xampp\htdocs\Aplikasi_CI4_Saya\app\Controllers\Dataku.php(69): view('data/halamanPen...', Array)
#4 C:\xampp\htdocs\Aplikasi_CI4_Saya\vendor\codeigniter4\framework\system\CodeIgniter.php(918): App\Controllers\Dataku->pengajuan('51')
#5 C:\xampp\htdocs\Aplikasi_CI4_Saya\vendor\codeigniter4\framework\system\CodeIgniter.php(404): CodeIgniter\CodeIgniter->runController(Object(App\Controllers\Dataku))
#6 C:\xampp\htdocs\Aplikasi_CI4_Saya\vendor\codeigniter4\framework\system\CodeIgniter.php(312): CodeIgniter\CodeIgniter->handleRequest(NULL, Object(Config\Cache), false)
#7 C:\xampp\htdocs\Aplikasi_CI4_Saya\public\index.php(45): CodeIgniter\CodeIgniter->run()
#8 C:\xampp\htdocs\Aplikasi_CI4_Saya\vendor\codeigniter4\framework\system\Commands\Server\rewrite.php(34): require_once('C:\\xampp\\htdocs...')
#9 {main}
CRITICAL - 2020-10-28 10:27:23 --> Undefined index: judul
#0 C:\xampp\htdocs\Aplikasi_CI4_Saya\app\Views\data\halamanPengajuan.php(15): CodeIgniter\Debug\Exceptions->errorHandler(8, 'Undefined index...', 'C:\\xampp\\htdocs...', 15, Array)
#1 C:\xampp\htdocs\Aplikasi_CI4_Saya\vendor\codeigniter4\framework\system\View\View.php(246): include('C:\\xampp\\htdocs...')
#2 C:\xampp\htdocs\Aplikasi_CI4_Saya\vendor\codeigniter4\framework\system\Common.php(1119): CodeIgniter\View\View->render('data/halamanPen...', Array, true)
#3 C:\xampp\htdocs\Aplikasi_CI4_Saya\app\Controllers\Dataku.php(69): view('data/halamanPen...', Array)
#4 C:\xampp\htdocs\Aplikasi_CI4_Saya\vendor\codeigniter4\framework\system\CodeIgniter.php(918): App\Controllers\Dataku->pengajuan('51')
#5 C:\xampp\htdocs\Aplikasi_CI4_Saya\vendor\codeigniter4\framework\system\CodeIgniter.php(404): CodeIgniter\CodeIgniter->runController(Object(App\Controllers\Dataku))
#6 C:\xampp\htdocs\Aplikasi_CI4_Saya\vendor\codeigniter4\framework\system\CodeIgniter.php(312): CodeIgniter\CodeIgniter->handleRequest(NULL, Object(Config\Cache), false)
#7 C:\xampp\htdocs\Aplikasi_CI4_Saya\public\index.php(45): CodeIgniter\CodeIgniter->run()
#8 C:\xampp\htdocs\Aplikasi_CI4_Saya\vendor\codeigniter4\framework\system\Commands\Server\rewrite.php(34): require_once('C:\\xampp\\htdocs...')
#9 {main}
CRITICAL - 2020-10-28 10:28:32 --> Undefined index: judul
#0 C:\xampp\htdocs\Aplikasi_CI4_Saya\app\Views\data\halamanPengajuan.php(15): CodeIgniter\Debug\Exceptions->errorHandler(8, 'Undefined index...', 'C:\\xampp\\htdocs...', 15, Array)
#1 C:\xampp\htdocs\Aplikasi_CI4_Saya\vendor\codeigniter4\framework\system\View\View.php(246): include('C:\\xampp\\htdocs...')
#2 C:\xampp\htdocs\Aplikasi_CI4_Saya\vendor\codeigniter4\framework\system\Common.php(1119): CodeIgniter\View\View->render('data/halamanPen...', Array, true)
#3 C:\xampp\htdocs\Aplikasi_CI4_Saya\app\Controllers\Dataku.php(69): view('data/halamanPen...', Array)
#4 C:\xampp\htdocs\Aplikasi_CI4_Saya\vendor\codeigniter4\framework\system\CodeIgniter.php(918): App\Controllers\Dataku->pengajuan('51')
#5 C:\xampp\htdocs\Aplikasi_CI4_Saya\vendor\codeigniter4\framework\system\CodeIgniter.php(404): CodeIgniter\CodeIgniter->runController(Object(App\Controllers\Dataku))
#6 C:\xampp\htdocs\Aplikasi_CI4_Saya\vendor\codeigniter4\framework\system\CodeIgniter.php(312): CodeIgniter\CodeIgniter->handleRequest(NULL, Object(Config\Cache), false)
#7 C:\xampp\htdocs\Aplikasi_CI4_Saya\public\index.php(45): CodeIgniter\CodeIgniter->run()
#8 C:\xampp\htdocs\Aplikasi_CI4_Saya\vendor\codeigniter4\framework\system\Commands\Server\rewrite.php(34): require_once('C:\\xampp\\htdocs...')
#9 {main}
CRITICAL - 2020-10-28 10:28:45 --> Undefined index: judul
#0 C:\xampp\htdocs\Aplikasi_CI4_Saya\app\Views\data\halamanPengajuan.php(15): CodeIgniter\Debug\Exceptions->errorHandler(8, 'Undefined index...', 'C:\\xampp\\htdocs...', 15, Array)
#1 C:\xampp\htdocs\Aplikasi_CI4_Saya\vendor\codeigniter4\framework\system\View\View.php(246): include('C:\\xampp\\htdocs...')
#2 C:\xampp\htdocs\Aplikasi_CI4_Saya\vendor\codeigniter4\framework\system\Common.php(1119): CodeIgniter\View\View->render('data/halamanPen...', Array, true)
#3 C:\xampp\htdocs\Aplikasi_CI4_Saya\app\Controllers\Dataku.php(69): view('data/halamanPen...', Array)
#4 C:\xampp\htdocs\Aplikasi_CI4_Saya\vendor\codeigniter4\framework\system\CodeIgniter.php(918): App\Controllers\Dataku->pengajuan('51')
#5 C:\xampp\htdocs\Aplikasi_CI4_Saya\vendor\codeigniter4\framework\system\CodeIgniter.php(404): CodeIgniter\CodeIgniter->runController(Object(App\Controllers\Dataku))
#6 C:\xampp\htdocs\Aplikasi_CI4_Saya\vendor\codeigniter4\framework\system\CodeIgniter.php(312): CodeIgniter\CodeIgniter->handleRequest(NULL, Object(Config\Cache), false)
#7 C:\xampp\htdocs\Aplikasi_CI4_Saya\public\index.php(45): CodeIgniter\CodeIgniter->run()
#8 C:\xampp\htdocs\Aplikasi_CI4_Saya\vendor\codeigniter4\framework\system\Commands\Server\rewrite.php(34): require_once('C:\\xampp\\htdocs...')
#9 {main}
CRITICAL - 2020-10-28 10:55:46 --> Argument 1 passed to url_title() must be of the type string, null given, called in C:\xampp\htdocs\Aplikasi_CI4_Saya\app\Controllers\Dataku.php on line 363
#0 C:\xampp\htdocs\Aplikasi_CI4_Saya\app\Controllers\Dataku.php(363): url_title(NULL, '-', true)
#1 C:\xampp\htdocs\Aplikasi_CI4_Saya\vendor\codeigniter4\framework\system\CodeIgniter.php(918): App\Controllers\Dataku->update('51')
#2 C:\xampp\htdocs\Aplikasi_CI4_Saya\vendor\codeigniter4\framework\system\CodeIgniter.php(404): CodeIgniter\CodeIgniter->runController(Object(App\Controllers\Dataku))
#3 C:\xampp\htdocs\Aplikasi_CI4_Saya\vendor\codeigniter4\framework\system\CodeIgniter.php(312): CodeIgniter\CodeIgniter->handleRequest(NULL, Object(Config\Cache), false)
#4 C:\xampp\htdocs\Aplikasi_CI4_Saya\public\index.php(45): CodeIgniter\CodeIgniter->run()
#5 C:\xampp\htdocs\Aplikasi_CI4_Saya\vendor\codeigniter4\framework\system\Commands\Server\rewrite.php(34): require_once('C:\\xampp\\htdocs...')
#6 {main}
