CRITICAL - 2020-11-05 06:31:53 --> Cannot use isset() on the result of an expression (you can use "null !== expression" instead)
#0 [internal function]: CodeIgniter\Debug\Exceptions->shutdownHandler()
#1 {main}
CRITICAL - 2020-11-05 06:32:53 --> Too few arguments to function App\Controllers\Dataku::ubah(), 0 passed in C:\xampp\htdocs\Aplikasi_CI4_Saya\vendor\codeigniter4\framework\system\CodeIgniter.php on line 918 and exactly 1 expected
#0 C:\xampp\htdocs\Aplikasi_CI4_Saya\vendor\codeigniter4\framework\system\CodeIgniter.php(918): App\Controllers\Dataku->ubah()
#1 C:\xampp\htdocs\Aplikasi_CI4_Saya\vendor\codeigniter4\framework\system\CodeIgniter.php(404): CodeIgniter\CodeIgniter->runController(Object(App\Controllers\Dataku))
#2 C:\xampp\htdocs\Aplikasi_CI4_Saya\vendor\codeigniter4\framework\system\CodeIgniter.php(312): CodeIgniter\CodeIgniter->handleRequest(NULL, Object(Config\Cache), false)
#3 C:\xampp\htdocs\Aplikasi_CI4_Saya\public\index.php(45): CodeIgniter\CodeIgniter->run()
#4 C:\xampp\htdocs\Aplikasi_CI4_Saya\vendor\codeigniter4\framework\system\Commands\Server\rewrite.php(34): require_once('C:\\xampp\\htdocs...')
#5 {main}
CRITICAL - 2020-11-05 06:34:42 --> Too few arguments to function App\Controllers\Dataku::ubah(), 0 passed in C:\xampp\htdocs\Aplikasi_CI4_Saya\vendor\codeigniter4\framework\system\CodeIgniter.php on line 918 and exactly 1 expected
#0 C:\xampp\htdocs\Aplikasi_CI4_Saya\vendor\codeigniter4\framework\system\CodeIgniter.php(918): App\Controllers\Dataku->ubah()
#1 C:\xampp\htdocs\Aplikasi_CI4_Saya\vendor\codeigniter4\framework\system\CodeIgniter.php(404): CodeIgniter\CodeIgniter->runController(Object(App\Controllers\Dataku))
#2 C:\xampp\htdocs\Aplikasi_CI4_Saya\vendor\codeigniter4\framework\system\CodeIgniter.php(312): CodeIgniter\CodeIgniter->handleRequest(NULL, Object(Config\Cache), false)
#3 C:\xampp\htdocs\Aplikasi_CI4_Saya\public\index.php(45): CodeIgniter\CodeIgniter->run()
#4 C:\xampp\htdocs\Aplikasi_CI4_Saya\vendor\codeigniter4\framework\system\Commands\Server\rewrite.php(34): require_once('C:\\xampp\\htdocs...')
#5 {main}
CRITICAL - 2020-11-05 06:34:44 --> Too few arguments to function App\Controllers\Dataku::ubah(), 0 passed in C:\xampp\htdocs\Aplikasi_CI4_Saya\vendor\codeigniter4\framework\system\CodeIgniter.php on line 918 and exactly 1 expected
#0 C:\xampp\htdocs\Aplikasi_CI4_Saya\vendor\codeigniter4\framework\system\CodeIgniter.php(918): App\Controllers\Dataku->ubah()
#1 C:\xampp\htdocs\Aplikasi_CI4_Saya\vendor\codeigniter4\framework\system\CodeIgniter.php(404): CodeIgniter\CodeIgniter->runController(Object(App\Controllers\Dataku))
#2 C:\xampp\htdocs\Aplikasi_CI4_Saya\vendor\codeigniter4\framework\system\CodeIgniter.php(312): CodeIgniter\CodeIgniter->handleRequest(NULL, Object(Config\Cache), false)
#3 C:\xampp\htdocs\Aplikasi_CI4_Saya\public\index.php(45): CodeIgniter\CodeIgniter->run()
#4 C:\xampp\htdocs\Aplikasi_CI4_Saya\vendor\codeigniter4\framework\system\Commands\Server\rewrite.php(34): require_once('C:\\xampp\\htdocs...')
#5 {main}
CRITICAL - 2020-11-05 06:37:26 --> Too few arguments to function App\Controllers\Dataku::ubah(), 0 passed in C:\xampp\htdocs\Aplikasi_CI4_Saya\vendor\codeigniter4\framework\system\CodeIgniter.php on line 918 and exactly 1 expected
#0 C:\xampp\htdocs\Aplikasi_CI4_Saya\vendor\codeigniter4\framework\system\CodeIgniter.php(918): App\Controllers\Dataku->ubah()
#1 C:\xampp\htdocs\Aplikasi_CI4_Saya\vendor\codeigniter4\framework\system\CodeIgniter.php(404): CodeIgniter\CodeIgniter->runController(Object(App\Controllers\Dataku))
#2 C:\xampp\htdocs\Aplikasi_CI4_Saya\vendor\codeigniter4\framework\system\CodeIgniter.php(312): CodeIgniter\CodeIgniter->handleRequest(NULL, Object(Config\Cache), false)
#3 C:\xampp\htdocs\Aplikasi_CI4_Saya\public\index.php(45): CodeIgniter\CodeIgniter->run()
#4 C:\xampp\htdocs\Aplikasi_CI4_Saya\vendor\codeigniter4\framework\system\Commands\Server\rewrite.php(34): require_once('C:\\xampp\\htdocs...')
#5 {main}
CRITICAL - 2020-11-05 07:40:28 --> Undefined variable: validasi
#0 C:\xampp\htdocs\Aplikasi_CI4_Saya\app\Views\data\halamanPengajuan.php(17): CodeIgniter\Debug\Exceptions->errorHandler(8, 'Undefined varia...', 'C:\\xampp\\htdocs...', 17, Array)
#1 C:\xampp\htdocs\Aplikasi_CI4_Saya\vendor\codeigniter4\framework\system\View\View.php(246): include('C:\\xampp\\htdocs...')
#2 C:\xampp\htdocs\Aplikasi_CI4_Saya\vendor\codeigniter4\framework\system\Common.php(1119): CodeIgniter\View\View->render('data/halamanPen...', Array, true)
#3 C:\xampp\htdocs\Aplikasi_CI4_Saya\app\Controllers\Dataku.php(70): view('data/halamanPen...', Array)
#4 C:\xampp\htdocs\Aplikasi_CI4_Saya\vendor\codeigniter4\framework\system\CodeIgniter.php(918): App\Controllers\Dataku->pengajuan('93')
#5 C:\xampp\htdocs\Aplikasi_CI4_Saya\vendor\codeigniter4\framework\system\CodeIgniter.php(404): CodeIgniter\CodeIgniter->runController(Object(App\Controllers\Dataku))
#6 C:\xampp\htdocs\Aplikasi_CI4_Saya\vendor\codeigniter4\framework\system\CodeIgniter.php(312): CodeIgniter\CodeIgniter->handleRequest(NULL, Object(Config\Cache), false)
#7 C:\xampp\htdocs\Aplikasi_CI4_Saya\public\index.php(45): CodeIgniter\CodeIgniter->run()
#8 C:\xampp\htdocs\Aplikasi_CI4_Saya\vendor\codeigniter4\framework\system\Commands\Server\rewrite.php(34): require_once('C:\\xampp\\htdocs...')
#9 {main}
CRITICAL - 2020-11-05 07:47:09 --> Argument 2 passed to CodeIgniter\Validation\Rules::is_unique() must be of the type string, null given, called in C:\xampp\htdocs\Aplikasi_CI4_Saya\vendor\codeigniter4\framework\system\Validation\Validation.php on line 325
#0 C:\xampp\htdocs\Aplikasi_CI4_Saya\vendor\codeigniter4\framework\system\Validation\Validation.php(325): CodeIgniter\Validation\Rules->is_unique('Sistem Perediks...', NULL)
#1 C:\xampp\htdocs\Aplikasi_CI4_Saya\vendor\codeigniter4\framework\system\Validation\Validation.php(189): CodeIgniter\Validation\Validation->processRules('judul', 'judul', 'Sistem Perediks...', Array, Array)
#2 C:\xampp\htdocs\Aplikasi_CI4_Saya\vendor\codeigniter4\framework\system\Controller.php(219): CodeIgniter\Validation\Validation->run()
#3 C:\xampp\htdocs\Aplikasi_CI4_Saya\app\Controllers\Dataku.php(521): CodeIgniter\Controller->validate(Array)
#4 C:\xampp\htdocs\Aplikasi_CI4_Saya\vendor\codeigniter4\framework\system\CodeIgniter.php(918): App\Controllers\Dataku->update('93')
#5 C:\xampp\htdocs\Aplikasi_CI4_Saya\vendor\codeigniter4\framework\system\CodeIgniter.php(404): CodeIgniter\CodeIgniter->runController(Object(App\Controllers\Dataku))
#6 C:\xampp\htdocs\Aplikasi_CI4_Saya\vendor\codeigniter4\framework\system\CodeIgniter.php(312): CodeIgniter\CodeIgniter->handleRequest(NULL, Object(Config\Cache), false)
#7 C:\xampp\htdocs\Aplikasi_CI4_Saya\public\index.php(45): CodeIgniter\CodeIgniter->run()
#8 C:\xampp\htdocs\Aplikasi_CI4_Saya\vendor\codeigniter4\framework\system\Commands\Server\rewrite.php(34): require_once('C:\\xampp\\htdocs...')
#9 {main}
