CRITICAL - 2020-10-23 06:31:04 --> Too few arguments to function App\Controllers\Dataku::ubah(), 0 passed in C:\xampp\htdocs\Aplikasi_CI4_Saya\vendor\codeigniter4\framework\system\CodeIgniter.php on line 918 and exactly 1 expected
#0 C:\xampp\htdocs\Aplikasi_CI4_Saya\vendor\codeigniter4\framework\system\CodeIgniter.php(918): App\Controllers\Dataku->ubah()
#1 C:\xampp\htdocs\Aplikasi_CI4_Saya\vendor\codeigniter4\framework\system\CodeIgniter.php(404): CodeIgniter\CodeIgniter->runController(Object(App\Controllers\Dataku))
#2 C:\xampp\htdocs\Aplikasi_CI4_Saya\vendor\codeigniter4\framework\system\CodeIgniter.php(312): CodeIgniter\CodeIgniter->handleRequest(NULL, Object(Config\Cache), false)
#3 C:\xampp\htdocs\Aplikasi_CI4_Saya\public\index.php(45): CodeIgniter\CodeIgniter->run()
#4 C:\xampp\htdocs\Aplikasi_CI4_Saya\vendor\codeigniter4\framework\system\Commands\Server\rewrite.php(34): require_once('C:\\xampp\\htdocs...')
#5 {main}
CRITICAL - 2020-10-23 06:31:35 --> Too few arguments to function App\Controllers\Dataku::ubah(), 0 passed in C:\xampp\htdocs\Aplikasi_CI4_Saya\vendor\codeigniter4\framework\system\CodeIgniter.php on line 918 and exactly 1 expected
#0 C:\xampp\htdocs\Aplikasi_CI4_Saya\vendor\codeigniter4\framework\system\CodeIgniter.php(918): App\Controllers\Dataku->ubah()
#1 C:\xampp\htdocs\Aplikasi_CI4_Saya\vendor\codeigniter4\framework\system\CodeIgniter.php(404): CodeIgniter\CodeIgniter->runController(Object(App\Controllers\Dataku))
#2 C:\xampp\htdocs\Aplikasi_CI4_Saya\vendor\codeigniter4\framework\system\CodeIgniter.php(312): CodeIgniter\CodeIgniter->handleRequest(NULL, Object(Config\Cache), false)
#3 C:\xampp\htdocs\Aplikasi_CI4_Saya\public\index.php(45): CodeIgniter\CodeIgniter->run()
#4 C:\xampp\htdocs\Aplikasi_CI4_Saya\vendor\codeigniter4\framework\system\Commands\Server\rewrite.php(34): require_once('C:\\xampp\\htdocs...')
#5 {main}
CRITICAL - 2020-10-23 06:32:09 --> Too few arguments to function App\Controllers\Dataku::ubah(), 0 passed in C:\xampp\htdocs\Aplikasi_CI4_Saya\vendor\codeigniter4\framework\system\CodeIgniter.php on line 918 and exactly 1 expected
#0 C:\xampp\htdocs\Aplikasi_CI4_Saya\vendor\codeigniter4\framework\system\CodeIgniter.php(918): App\Controllers\Dataku->ubah()
#1 C:\xampp\htdocs\Aplikasi_CI4_Saya\vendor\codeigniter4\framework\system\CodeIgniter.php(404): CodeIgniter\CodeIgniter->runController(Object(App\Controllers\Dataku))
#2 C:\xampp\htdocs\Aplikasi_CI4_Saya\vendor\codeigniter4\framework\system\CodeIgniter.php(312): CodeIgniter\CodeIgniter->handleRequest(NULL, Object(Config\Cache), false)
#3 C:\xampp\htdocs\Aplikasi_CI4_Saya\public\index.php(45): CodeIgniter\CodeIgniter->run()
#4 C:\xampp\htdocs\Aplikasi_CI4_Saya\vendor\codeigniter4\framework\system\Commands\Server\rewrite.php(34): require_once('C:\\xampp\\htdocs...')
#5 {main}
CRITICAL - 2020-10-23 06:32:23 --> Too few arguments to function App\Controllers\Dataku::ubah(), 0 passed in C:\xampp\htdocs\Aplikasi_CI4_Saya\vendor\codeigniter4\framework\system\CodeIgniter.php on line 918 and exactly 1 expected
#0 C:\xampp\htdocs\Aplikasi_CI4_Saya\vendor\codeigniter4\framework\system\CodeIgniter.php(918): App\Controllers\Dataku->ubah()
#1 C:\xampp\htdocs\Aplikasi_CI4_Saya\vendor\codeigniter4\framework\system\CodeIgniter.php(404): CodeIgniter\CodeIgniter->runController(Object(App\Controllers\Dataku))
#2 C:\xampp\htdocs\Aplikasi_CI4_Saya\vendor\codeigniter4\framework\system\CodeIgniter.php(312): CodeIgniter\CodeIgniter->handleRequest(NULL, Object(Config\Cache), false)
#3 C:\xampp\htdocs\Aplikasi_CI4_Saya\public\index.php(45): CodeIgniter\CodeIgniter->run()
#4 C:\xampp\htdocs\Aplikasi_CI4_Saya\vendor\codeigniter4\framework\system\Commands\Server\rewrite.php(34): require_once('C:\\xampp\\htdocs...')
#5 {main}
CRITICAL - 2020-10-23 08:09:39 --> Undefined index: nama
#0 C:\xampp\htdocs\Aplikasi_CI4_Saya\app\Views\data\index.php(61): CodeIgniter\Debug\Exceptions->errorHandler(8, 'Undefined index...', 'C:\\xampp\\htdocs...', 61, Array)
#1 C:\xampp\htdocs\Aplikasi_CI4_Saya\vendor\codeigniter4\framework\system\View\View.php(246): include('C:\\xampp\\htdocs...')
#2 C:\xampp\htdocs\Aplikasi_CI4_Saya\vendor\codeigniter4\framework\system\Common.php(1119): CodeIgniter\View\View->render('data/index', Array, true)
#3 C:\xampp\htdocs\Aplikasi_CI4_Saya\app\Controllers\Dataku.php(38): view('data/index', Array)
#4 C:\xampp\htdocs\Aplikasi_CI4_Saya\vendor\codeigniter4\framework\system\CodeIgniter.php(918): App\Controllers\Dataku->index()
#5 C:\xampp\htdocs\Aplikasi_CI4_Saya\vendor\codeigniter4\framework\system\CodeIgniter.php(404): CodeIgniter\CodeIgniter->runController(Object(App\Controllers\Dataku))
#6 C:\xampp\htdocs\Aplikasi_CI4_Saya\vendor\codeigniter4\framework\system\CodeIgniter.php(312): CodeIgniter\CodeIgniter->handleRequest(NULL, Object(Config\Cache), false)
#7 C:\xampp\htdocs\Aplikasi_CI4_Saya\public\index.php(45): CodeIgniter\CodeIgniter->run()
#8 C:\xampp\htdocs\Aplikasi_CI4_Saya\vendor\codeigniter4\framework\system\Commands\Server\rewrite.php(34): require_once('C:\\xampp\\htdocs...')
#9 {main}
CRITICAL - 2020-10-23 09:06:11 --> Illegal string offset 'id'
#0 C:\xampp\htdocs\Aplikasi_CI4_Saya\app\Views\data\index.php(62): CodeIgniter\Debug\Exceptions->errorHandler(2, 'Illegal string ...', 'C:\\xampp\\htdocs...', 62, Array)
#1 C:\xampp\htdocs\Aplikasi_CI4_Saya\vendor\codeigniter4\framework\system\View\View.php(246): include('C:\\xampp\\htdocs...')
#2 C:\xampp\htdocs\Aplikasi_CI4_Saya\vendor\codeigniter4\framework\system\Common.php(1119): CodeIgniter\View\View->render('data/index', Array, true)
#3 C:\xampp\htdocs\Aplikasi_CI4_Saya\app\Controllers\Dataku.php(38): view('data/index', Array)
#4 C:\xampp\htdocs\Aplikasi_CI4_Saya\vendor\codeigniter4\framework\system\CodeIgniter.php(918): App\Controllers\Dataku->index()
#5 C:\xampp\htdocs\Aplikasi_CI4_Saya\vendor\codeigniter4\framework\system\CodeIgniter.php(404): CodeIgniter\CodeIgniter->runController(Object(App\Controllers\Dataku))
#6 C:\xampp\htdocs\Aplikasi_CI4_Saya\vendor\codeigniter4\framework\system\CodeIgniter.php(312): CodeIgniter\CodeIgniter->handleRequest(NULL, Object(Config\Cache), false)
#7 C:\xampp\htdocs\Aplikasi_CI4_Saya\public\index.php(45): CodeIgniter\CodeIgniter->run()
#8 C:\xampp\htdocs\Aplikasi_CI4_Saya\vendor\codeigniter4\framework\system\Commands\Server\rewrite.php(34): require_once('C:\\xampp\\htdocs...')
#9 {main}
CRITICAL - 2020-10-23 23:07:23 --> Call to undefined method App\Models\DosenModel::cariMhs
#0 C:\xampp\htdocs\Aplikasi_CI4_Saya\app\Controllers\Dataku.php(388): CodeIgniter\Model->__call('cariMhs', Array)
#1 C:\xampp\htdocs\Aplikasi_CI4_Saya\vendor\codeigniter4\framework\system\CodeIgniter.php(918): App\Controllers\Dataku->simpanBimbingan()
#2 C:\xampp\htdocs\Aplikasi_CI4_Saya\vendor\codeigniter4\framework\system\CodeIgniter.php(404): CodeIgniter\CodeIgniter->runController(Object(App\Controllers\Dataku))
#3 C:\xampp\htdocs\Aplikasi_CI4_Saya\vendor\codeigniter4\framework\system\CodeIgniter.php(312): CodeIgniter\CodeIgniter->handleRequest(NULL, Object(Config\Cache), false)
#4 C:\xampp\htdocs\Aplikasi_CI4_Saya\public\index.php(45): CodeIgniter\CodeIgniter->run()
#5 C:\xampp\htdocs\Aplikasi_CI4_Saya\vendor\codeigniter4\framework\system\Commands\Server\rewrite.php(34): require_once('C:\\xampp\\htdocs...')
#6 {main}
CRITICAL - 2020-10-23 23:07:50 --> Argument 1 passed to url_title() must be of the type string, array given, called in C:\xampp\htdocs\Aplikasi_CI4_Saya\app\Controllers\Dataku.php on line 390
#0 C:\xampp\htdocs\Aplikasi_CI4_Saya\app\Controllers\Dataku.php(390): url_title(Array, '-', true)
#1 C:\xampp\htdocs\Aplikasi_CI4_Saya\vendor\codeigniter4\framework\system\CodeIgniter.php(918): App\Controllers\Dataku->simpanBimbingan()
#2 C:\xampp\htdocs\Aplikasi_CI4_Saya\vendor\codeigniter4\framework\system\CodeIgniter.php(404): CodeIgniter\CodeIgniter->runController(Object(App\Controllers\Dataku))
#3 C:\xampp\htdocs\Aplikasi_CI4_Saya\vendor\codeigniter4\framework\system\CodeIgniter.php(312): CodeIgniter\CodeIgniter->handleRequest(NULL, Object(Config\Cache), false)
#4 C:\xampp\htdocs\Aplikasi_CI4_Saya\public\index.php(45): CodeIgniter\CodeIgniter->run()
#5 C:\xampp\htdocs\Aplikasi_CI4_Saya\vendor\codeigniter4\framework\system\Commands\Server\rewrite.php(34): require_once('C:\\xampp\\htdocs...')
#6 {main}
CRITICAL - 2020-10-23 23:30:38 --> Undefined index: id
#0 C:\xampp\htdocs\Aplikasi_CI4_Saya\app\Views\data\index.php(54): CodeIgniter\Debug\Exceptions->errorHandler(8, 'Undefined index...', 'C:\\xampp\\htdocs...', 54, Array)
#1 C:\xampp\htdocs\Aplikasi_CI4_Saya\vendor\codeigniter4\framework\system\View\View.php(246): include('C:\\xampp\\htdocs...')
#2 C:\xampp\htdocs\Aplikasi_CI4_Saya\vendor\codeigniter4\framework\system\Common.php(1119): CodeIgniter\View\View->render('data/index', Array, true)
#3 C:\xampp\htdocs\Aplikasi_CI4_Saya\app\Controllers\Dataku.php(38): view('data/index', Array)
#4 C:\xampp\htdocs\Aplikasi_CI4_Saya\vendor\codeigniter4\framework\system\CodeIgniter.php(918): App\Controllers\Dataku->index()
#5 C:\xampp\htdocs\Aplikasi_CI4_Saya\vendor\codeigniter4\framework\system\CodeIgniter.php(404): CodeIgniter\CodeIgniter->runController(Object(App\Controllers\Dataku))
#6 C:\xampp\htdocs\Aplikasi_CI4_Saya\vendor\codeigniter4\framework\system\CodeIgniter.php(312): CodeIgniter\CodeIgniter->handleRequest(NULL, Object(Config\Cache), false)
#7 C:\xampp\htdocs\Aplikasi_CI4_Saya\public\index.php(45): CodeIgniter\CodeIgniter->run()
#8 C:\xampp\htdocs\Aplikasi_CI4_Saya\vendor\codeigniter4\framework\system\Commands\Server\rewrite.php(34): require_once('C:\\xampp\\htdocs...')
#9 {main}
